This file contains any messages produced by compilers while
running configure, to aid debugging if configure makes a mistake.

It was created by exfatprogs configure 1.0.3, which was
generated by GNU Autoconf 2.69.  Invocation command line was

  $ ./configure --host=arm-linux --prefix=/usr --libdir=/usr/lib CC=ccache arm-linux-uclibc-gcc -Os -pipe -mcpu=cortex-a9 -mtune=cortex-a9  -msoft-float -mfloat-abi=soft -fno-caller-saves -fno-plt  -fPIC -ffunction-sections -fdata-sections -Wl,--gc-sections -D_GNU_SOURCE  -DNEED_PRINTF -std=gnu89 LDFLAGS=-ffunction-sections -fdata-sections -Wl,--gc-sections

## --------- ##
## Platform. ##
## --------- ##

hostname = paldier-MerlinR
uname -m = x86_64
uname -r = 4.15.0-64-generic
uname -s = Linux
uname -v = #73-Ubuntu SMP Thu Sep 12 13:16:13 UTC 2019

/usr/bin/uname -p = unknown
/bin/uname -X     = unknown

/bin/arch              = unknown
/usr/bin/arch -k       = unknown
/usr/convex/getsysinfo = unknown
/usr/bin/hostinfo      = unknown
/bin/machine           = unknown
/usr/bin/oslevel       = unknown
/bin/universe          = unknown

PATH: /home/paldier/ddwrt/toolchains/toolchain-arm_cortex-a9_gcc-8.2.0_musl_eabi/bin
PATH: /usr/local/sbin
PATH: /usr/local/bin
PATH: /usr/sbin
PATH: /usr/bin
PATH: /sbin
PATH: /bin
PATH: /usr/games
PATH: /usr/local/games


## ----------- ##
## Core tests. ##
## ----------- ##

configure:2187: checking for a BSD-compatible install
configure:2255: result: /usr/bin/install -c
configure:2266: checking whether build environment is sane
configure:2321: result: yes
configure:2380: checking for arm-linux-strip
configure:2407: result: arm-linux-uclibc-strip
configure:2472: checking for a thread-safe mkdir -p
configure:2511: result: /bin/mkdir -p
configure:2518: checking for gawk
configure:2534: found /usr/bin/gawk
configure:2545: result: gawk
configure:2556: checking whether make sets $(MAKE)
configure:2578: result: yes
configure:2607: checking whether make supports nested variables
configure:2624: result: yes
configure:2703: checking how to create a pax tar archive
configure:2714: tar --version
tar (GNU tar) 1.29
Copyright (C) 2015 Free Software Foundation, Inc.
License GPLv3+: GNU GPL version 3 or later <http://gnu.org/licenses/gpl.html>.
This is free software: you are free to change and redistribute it.
There is NO WARRANTY, to the extent permitted by law.

Written by John Gilmore and Jay Fenlason.
configure:2717: $? = 0
configure:2757: tardir=conftest.dir && eval tar --format=posix -chf - "$tardir" >conftest.tar
configure:2760: $? = 0
configure:2764: tar -xf - <conftest.tar
configure:2767: $? = 0
configure:2769: cat conftest.dir/file
GrepMe
configure:2772: $? = 0
configure:2785: result: gnutar
configure:2850: checking for arm-linux-gcc
configure:2877: result: ccache arm-linux-uclibc-gcc -Os -pipe -mcpu=cortex-a9 -mtune=cortex-a9  -msoft-float -mfloat-abi=soft -fno-caller-saves -fno-plt  -fPIC -ffunction-sections -fdata-sections -Wl,--gc-sections -D_GNU_SOURCE  -DNEED_PRINTF -std=gnu89
configure:3146: checking for C compiler version
configure:3155: ccache arm-linux-uclibc-gcc -Os -pipe -mcpu=cortex-a9 -mtune=cortex-a9  -msoft-float -mfloat-abi=soft -fno-caller-saves -fno-plt  -fPIC -ffunction-sections -fdata-sections -Wl,--gc-sections -D_GNU_SOURCE  -DNEED_PRINTF -std=gnu89 --version >&5
arm-linux-uclibc-gcc (OpenWrt GCC 8.2.0 r7577-d14647dd59) 8.2.0
Copyright (C) 2018 Free Software Foundation, Inc.
This is free software; see the source for copying conditions.  There is NO
warranty; not even for MERCHANTABILITY or FITNESS FOR A PARTICULAR PURPOSE.

configure:3166: $? = 0
configure:3155: ccache arm-linux-uclibc-gcc -Os -pipe -mcpu=cortex-a9 -mtune=cortex-a9  -msoft-float -mfloat-abi=soft -fno-caller-saves -fno-plt  -fPIC -ffunction-sections -fdata-sections -Wl,--gc-sections -D_GNU_SOURCE  -DNEED_PRINTF -std=gnu89 -v >&5
Using built-in specs.
COLLECT_GCC=/home/paldier/ddwrt/toolchains/toolchain-arm_cortex-a9_gcc-8.2.0_musl_eabi/bin/arm-linux-uclibc-gcc
COLLECT_LTO_WRAPPER=/home/paldier/ddwrt/toolchains/toolchain-arm_cortex-a9_gcc-8.2.0_musl_eabi/bin/../lib/gcc/arm-openwrt-linux-muslgnueabi/8.2.0/lto-wrapper
Target: arm-openwrt-linux-muslgnueabi
Configured with: /home/xfs/openwrt/lede_nbd/nbd/build_dir/toolchain-arm_cortex-a9_gcc-8.2.0_musl_eabi/gcc-8.2.0/configure --with-bugurl=http://www.lede-project.org/bugs/ --with-pkgversion='OpenWrt GCC 8.2.0 r7577-d14647dd59' --prefix=/home/xfs/openwrt/lede_nbd/nbd/staging_dir/toolchain-arm_cortex-a9_gcc-8.2.0_musl_eabi --build=x86_64-pc-linux-gnu --host=x86_64-pc-linux-gnu --target=arm-openwrt-linux-muslgnueabi --with-gnu-ld --enable-target-optspace --disable-libgomp --disable-libmudflap --disable-multilib --disable-libmpx --disable-nls --without-isl --without-cloog --with-host-libstdcxx=-lstdc++ --with-float=soft --with-gmp=/home/xfs/openwrt/lede_nbd/nbd/staging_dir/host --with-mpfr=/home/xfs/openwrt/lede_nbd/nbd/staging_dir/host --with-mpc=/home/xfs/openwrt/lede_nbd/nbd/staging_dir/host --disable-decimal-float --with-diagnostics-color=auto-if-env --disable-libssp --enable-__cxa_atexit --with-headers=/home/xfs/openwrt/lede_nbd/nbd/staging_dir/toolchain-arm_cortex-a9_gcc-8.2.0_musl_eabi/include --disable-libsanitizer --enable-languages=c,c++ --enable-shared --enable-threads --with-slibdir=/home/xfs/openwrt/lede_nbd/nbd/staging_dir/toolchain-arm_cortex-a9_gcc-8.2.0_musl_eabi/lib --enable-lto --with-libelf=/home/xfs/openwrt/lede_nbd/nbd/staging_dir/host
Thread model: posix
gcc version 8.2.0 (OpenWrt GCC 8.2.0 r7577-d14647dd59) 
COMPILER_PATH=/home/paldier/ddwrt/toolchains/toolchain-arm_cortex-a9_gcc-8.2.0_musl_eabi/bin/../lib/gcc/arm-openwrt-linux-muslgnueabi/8.2.0/:/home/paldier/ddwrt/toolchains/toolchain-arm_cortex-a9_gcc-8.2.0_musl_eabi/bin/../lib/gcc/:/home/paldier/ddwrt/toolchains/toolchain-arm_cortex-a9_gcc-8.2.0_musl_eabi/bin/../lib64/gcc/arm-openwrt-linux-muslgnueabi/8.2.0/../../../../arm-openwrt-linux-muslgnueabi/bin/
LIBRARY_PATH=/home/paldier/ddwrt/toolchains/toolchain-arm_cortex-a9_gcc-8.2.0_musl_eabi/bin/../lib64/gcc/arm-openwrt-linux-muslgnueabi/8.2.0/:/home/paldier/ddwrt/toolchains/toolchain-arm_cortex-a9_gcc-8.2.0_musl_eabi/bin/../lib64/gcc/:/home/paldier/ddwrt/toolchains/toolchain-arm_cortex-a9_gcc-8.2.0_musl_eabi/bin/../lib64/gcc/arm-openwrt-linux-muslgnueabi/8.2.0/../../../../arm-openwrt-linux-muslgnueabi/lib/
COLLECT_GCC_OPTIONS='-Os' '-pipe' '-mcpu=cortex-a9' '-mtune=cortex-a9' '-mfloat-abi=soft' '-mfloat-abi=soft' '-fno-caller-saves' '-fno-plt' '-fPIC' '-ffunction-sections' '-fdata-sections' '-D' '_GNU_SOURCE' '-D' 'NEED_PRINTF' '-std=gnu90' '-v' '-mtls-dialect=gnu' '-marm' '-march=armv7-a'
configure:3166: $? = 1
configure:3155: ccache arm-linux-uclibc-gcc -Os -pipe -mcpu=cortex-a9 -mtune=cortex-a9  -msoft-float -mfloat-abi=soft -fno-caller-saves -fno-plt  -fPIC -ffunction-sections -fdata-sections -Wl,--gc-sections -D_GNU_SOURCE  -DNEED_PRINTF -std=gnu89 -V >&5
arm-linux-uclibc-gcc: error: unrecognized command line option '-V'
configure:3166: $? = 1
configure:3155: ccache arm-linux-uclibc-gcc -Os -pipe -mcpu=cortex-a9 -mtune=cortex-a9  -msoft-float -mfloat-abi=soft -fno-caller-saves -fno-plt  -fPIC -ffunction-sections -fdata-sections -Wl,--gc-sections -D_GNU_SOURCE  -DNEED_PRINTF -std=gnu89 -qversion >&5
arm-linux-uclibc-gcc: error: unrecognized command line option '-qversion'; did you mean '--version'?
configure:3166: $? = 1
configure:3186: checking whether the C compiler works
configure:3208: ccache arm-linux-uclibc-gcc -Os -pipe -mcpu=cortex-a9 -mtune=cortex-a9  -msoft-float -mfloat-abi=soft -fno-caller-saves -fno-plt  -fPIC -ffunction-sections -fdata-sections -Wl,--gc-sections -D_GNU_SOURCE  -DNEED_PRINTF -std=gnu89 -Os -pipe -mcpu=cortex-a9 -mtune=cortex-a9  -msoft-float -mfloat-abi=soft -fno-caller-saves -fno-plt  -ffunction-sections -fdata-sections -Wl,--gc-sections conftest.c  >&5
configure:3212: $? = 0
configure:3260: result: yes
configure:3263: checking for C compiler default output file name
configure:3265: result: a.out
configure:3271: checking for suffix of executables
configure:3278: ccache arm-linux-uclibc-gcc -Os -pipe -mcpu=cortex-a9 -mtune=cortex-a9  -msoft-float -mfloat-abi=soft -fno-caller-saves -fno-plt  -fPIC -ffunction-sections -fdata-sections -Wl,--gc-sections -D_GNU_SOURCE  -DNEED_PRINTF -std=gnu89 -o conftest -Os -pipe -mcpu=cortex-a9 -mtune=cortex-a9  -msoft-float -mfloat-abi=soft -fno-caller-saves -fno-plt  -ffunction-sections -fdata-sections -Wl,--gc-sections conftest.c  >&5
configure:3282: $? = 0
configure:3304: result: 
configure:3326: checking whether we are cross compiling
configure:3334: ccache arm-linux-uclibc-gcc -Os -pipe -mcpu=cortex-a9 -mtune=cortex-a9  -msoft-float -mfloat-abi=soft -fno-caller-saves -fno-plt  -fPIC -ffunction-sections -fdata-sections -Wl,--gc-sections -D_GNU_SOURCE  -DNEED_PRINTF -std=gnu89 -o conftest -Os -pipe -mcpu=cortex-a9 -mtune=cortex-a9  -msoft-float -mfloat-abi=soft -fno-caller-saves -fno-plt  -ffunction-sections -fdata-sections -Wl,--gc-sections conftest.c  >&5
configure:3338: $? = 0
configure:3345: ./conftest
./configure: line 3347: ./conftest: cannot execute binary file: Exec format error
configure:3349: $? = 126
configure:3364: result: yes
configure:3369: checking for suffix of object files
configure:3391: ccache arm-linux-uclibc-gcc -Os -pipe -mcpu=cortex-a9 -mtune=cortex-a9  -msoft-float -mfloat-abi=soft -fno-caller-saves -fno-plt  -fPIC -ffunction-sections -fdata-sections -Wl,--gc-sections -D_GNU_SOURCE  -DNEED_PRINTF -std=gnu89 -c -Os -pipe -mcpu=cortex-a9 -mtune=cortex-a9  -msoft-float -mfloat-abi=soft -fno-caller-saves -fno-plt  conftest.c >&5
configure:3395: $? = 0
configure:3416: result: o
configure:3420: checking whether we are using the GNU C compiler
configure:3439: ccache arm-linux-uclibc-gcc -Os -pipe -mcpu=cortex-a9 -mtune=cortex-a9  -msoft-float -mfloat-abi=soft -fno-caller-saves -fno-plt  -fPIC -ffunction-sections -fdata-sections -Wl,--gc-sections -D_GNU_SOURCE  -DNEED_PRINTF -std=gnu89 -c -Os -pipe -mcpu=cortex-a9 -mtune=cortex-a9  -msoft-float -mfloat-abi=soft -fno-caller-saves -fno-plt  conftest.c >&5
configure:3439: $? = 0
configure:3448: result: yes
configure:3457: checking whether ccache arm-linux-uclibc-gcc -Os -pipe -mcpu=cortex-a9 -mtune=cortex-a9  -msoft-float -mfloat-abi=soft -fno-caller-saves -fno-plt  -fPIC -ffunction-sections -fdata-sections -Wl,--gc-sections -D_GNU_SOURCE  -DNEED_PRINTF -std=gnu89 accepts -g
configure:3477: ccache arm-linux-uclibc-gcc -Os -pipe -mcpu=cortex-a9 -mtune=cortex-a9  -msoft-float -mfloat-abi=soft -fno-caller-saves -fno-plt  -fPIC -ffunction-sections -fdata-sections -Wl,--gc-sections -D_GNU_SOURCE  -DNEED_PRINTF -std=gnu89 -c -g  conftest.c >&5
configure:3477: $? = 0
configure:3518: result: yes
configure:3535: checking for ccache arm-linux-uclibc-gcc -Os -pipe -mcpu=cortex-a9 -mtune=cortex-a9  -msoft-float -mfloat-abi=soft -fno-caller-saves -fno-plt  -fPIC -ffunction-sections -fdata-sections -Wl,--gc-sections -D_GNU_SOURCE  -DNEED_PRINTF -std=gnu89 option to accept ISO C89
configure:3598: ccache arm-linux-uclibc-gcc -Os -pipe -mcpu=cortex-a9 -mtune=cortex-a9  -msoft-float -mfloat-abi=soft -fno-caller-saves -fno-plt  -fPIC -ffunction-sections -fdata-sections -Wl,--gc-sections -D_GNU_SOURCE  -DNEED_PRINTF -std=gnu89  -c -Os -pipe -mcpu=cortex-a9 -mtune=cortex-a9  -msoft-float -mfloat-abi=soft -fno-caller-saves -fno-plt  conftest.c >&5
configure:3598: $? = 0
configure:3611: result: none needed
configure:3636: checking whether ccache arm-linux-uclibc-gcc -Os -pipe -mcpu=cortex-a9 -mtune=cortex-a9  -msoft-float -mfloat-abi=soft -fno-caller-saves -fno-plt  -fPIC -ffunction-sections -fdata-sections -Wl,--gc-sections -D_GNU_SOURCE  -DNEED_PRINTF -std=gnu89 understands -c and -o together
configure:3658: ccache arm-linux-uclibc-gcc -Os -pipe -mcpu=cortex-a9 -mtune=cortex-a9  -msoft-float -mfloat-abi=soft -fno-caller-saves -fno-plt  -fPIC -ffunction-sections -fdata-sections -Wl,--gc-sections -D_GNU_SOURCE  -DNEED_PRINTF -std=gnu89 -c conftest.c -o conftest2.o
configure:3661: $? = 0
configure:3658: ccache arm-linux-uclibc-gcc -Os -pipe -mcpu=cortex-a9 -mtune=cortex-a9  -msoft-float -mfloat-abi=soft -fno-caller-saves -fno-plt  -fPIC -ffunction-sections -fdata-sections -Wl,--gc-sections -D_GNU_SOURCE  -DNEED_PRINTF -std=gnu89 -c conftest.c -o conftest2.o
configure:3661: $? = 0
configure:3673: result: yes
configure:3701: checking for style of include used by make
configure:3729: result: GNU
configure:3755: checking dependency style of ccache arm-linux-uclibc-gcc -Os -pipe -mcpu=cortex-a9 -mtune=cortex-a9  -msoft-float -mfloat-abi=soft -fno-caller-saves -fno-plt  -fPIC -ffunction-sections -fdata-sections -Wl,--gc-sections -D_GNU_SOURCE  -DNEED_PRINTF -std=gnu89
configure:3866: result: gcc3
configure:3885: checking for ccache arm-linux-uclibc-gcc -Os -pipe -mcpu=cortex-a9 -mtune=cortex-a9  -msoft-float -mfloat-abi=soft -fno-caller-saves -fno-plt  -fPIC -ffunction-sections -fdata-sections -Wl,--gc-sections -D_GNU_SOURCE  -DNEED_PRINTF -std=gnu89 option to accept ISO C99
configure:4034: ccache arm-linux-uclibc-gcc -Os -pipe -mcpu=cortex-a9 -mtune=cortex-a9  -msoft-float -mfloat-abi=soft -fno-caller-saves -fno-plt  -fPIC -ffunction-sections -fdata-sections -Wl,--gc-sections -D_GNU_SOURCE  -DNEED_PRINTF -std=gnu89  -c -Os -pipe -mcpu=cortex-a9 -mtune=cortex-a9  -msoft-float -mfloat-abi=soft -fno-caller-saves -fno-plt  conftest.c >&5
conftest.c:61:29: error: expected ';', ',' or ')' before 'text'
 test_restrict (ccp restrict text)
                             ^~~~
conftest.c: In function 'main':
conftest.c:115:18: error: expected '=', ',', ';', 'asm' or '__attribute__' before 'newvar'
   char *restrict newvar = "Another string";
                  ^~~~~~
conftest.c:115:18: error: 'newvar' undeclared (first use in this function)
conftest.c:115:18: note: each undeclared identifier is reported only once for each function it appears in
conftest.c:125:3: error: 'for' loop initial declarations are only allowed in C99 or C11 mode
   for (int i = 0; i < ia->datasize; ++i)
   ^~~
conftest.c:125:3: note: use option -std=c99, -std=gnu99, -std=c11 or -std=gnu11 to compile your code
configure:4034: $? = 1
configure: failed program was:
| /* confdefs.h */
| #define PACKAGE_NAME "exfatprogs"
| #define PACKAGE_TARNAME "exfatprogs"
| #define PACKAGE_VERSION "1.0.3"
| #define PACKAGE_STRING "exfatprogs 1.0.3"
| #define PACKAGE_BUGREPORT "linkinjeon@kernel.org"
| #define PACKAGE_URL "https://github.com/exfatprogs/exfatprogs"
| #define PACKAGE "exfatprogs"
| #define VERSION "1.0.3"
| /* end confdefs.h.  */
| #include <stdarg.h>
| #include <stdbool.h>
| #include <stdlib.h>
| #include <wchar.h>
| #include <stdio.h>
| 
| // Check varargs macros.  These examples are taken from C99 6.10.3.5.
| #define debug(...) fprintf (stderr, __VA_ARGS__)
| #define showlist(...) puts (#__VA_ARGS__)
| #define report(test,...) ((test) ? puts (#test) : printf (__VA_ARGS__))
| static void
| test_varargs_macros (void)
| {
|   int x = 1234;
|   int y = 5678;
|   debug ("Flag");
|   debug ("X = %d\n", x);
|   showlist (The first, second, and third items.);
|   report (x>y, "x is %d but y is %d", x, y);
| }
| 
| // Check long long types.
| #define BIG64 18446744073709551615ull
| #define BIG32 4294967295ul
| #define BIG_OK (BIG64 / BIG32 == 4294967297ull && BIG64 % BIG32 == 0)
| #if !BIG_OK
|   your preprocessor is broken;
| #endif
| #if BIG_OK
| #else
|   your preprocessor is broken;
| #endif
| static long long int bignum = -9223372036854775807LL;
| static unsigned long long int ubignum = BIG64;
| 
| struct incomplete_array
| {
|   int datasize;
|   double data[];
| };
| 
| struct named_init {
|   int number;
|   const wchar_t *name;
|   double average;
| };
| 
| typedef const char *ccp;
| 
| static inline int
| test_restrict (ccp restrict text)
| {
|   // See if C++-style comments work.
|   // Iterate through items via the restricted pointer.
|   // Also check for declarations in for loops.
|   for (unsigned int i = 0; *(text+i) != '\0'; ++i)
|     continue;
|   return 0;
| }
| 
| // Check varargs and va_copy.
| static void
| test_varargs (const char *format, ...)
| {
|   va_list args;
|   va_start (args, format);
|   va_list args_copy;
|   va_copy (args_copy, args);
| 
|   const char *str;
|   int number;
|   float fnumber;
| 
|   while (*format)
|     {
|       switch (*format++)
| 	{
| 	case 's': // string
| 	  str = va_arg (args_copy, const char *);
| 	  break;
| 	case 'd': // int
| 	  number = va_arg (args_copy, int);
| 	  break;
| 	case 'f': // float
| 	  fnumber = va_arg (args_copy, double);
| 	  break;
| 	default:
| 	  break;
| 	}
|     }
|   va_end (args_copy);
|   va_end (args);
| }
| 
| int
| main ()
| {
| 
|   // Check bool.
|   _Bool success = false;
| 
|   // Check restrict.
|   if (test_restrict ("String literal") == 0)
|     success = true;
|   char *restrict newvar = "Another string";
| 
|   // Check varargs.
|   test_varargs ("s, d' f .", "string", 65, 34.234);
|   test_varargs_macros ();
| 
|   // Check flexible array members.
|   struct incomplete_array *ia =
|     malloc (sizeof (struct incomplete_array) + (sizeof (double) * 10));
|   ia->datasize = 10;
|   for (int i = 0; i < ia->datasize; ++i)
|     ia->data[i] = i * 1.234;
| 
|   // Check named initializers.
|   struct named_init ni = {
|     .number = 34,
|     .name = L"Test wide string",
|     .average = 543.34343,
|   };
| 
|   ni.number = 58;
| 
|   int dynamic_array[ni.number];
|   dynamic_array[ni.number - 1] = 543;
| 
|   // work around unused variable warnings
|   return (!success || bignum == 0LL || ubignum == 0uLL || newvar[0] == 'x'
| 	  || dynamic_array[ni.number - 1] != 543);
| 
|   ;
|   return 0;
| }
configure:4034: ccache arm-linux-uclibc-gcc -Os -pipe -mcpu=cortex-a9 -mtune=cortex-a9  -msoft-float -mfloat-abi=soft -fno-caller-saves -fno-plt  -fPIC -ffunction-sections -fdata-sections -Wl,--gc-sections -D_GNU_SOURCE  -DNEED_PRINTF -std=gnu89 -std=gnu99 -c -Os -pipe -mcpu=cortex-a9 -mtune=cortex-a9  -msoft-float -mfloat-abi=soft -fno-caller-saves -fno-plt  conftest.c >&5
configure:4034: $? = 0
configure:4054: result: -std=gnu99
configure:4155: checking for ccache arm-linux-uclibc-gcc -Os -pipe -mcpu=cortex-a9 -mtune=cortex-a9  -msoft-float -mfloat-abi=soft -fno-caller-saves -fno-plt  -fPIC -ffunction-sections -fdata-sections -Wl,--gc-sections -D_GNU_SOURCE  -DNEED_PRINTF -std=gnu89 -std=gnu99 option to accept ISO Standard C
configure:4169: result: -std=gnu99
configure:4184: checking whether make supports nested variables
configure:4201: result: yes
configure:4241: checking build system type
configure:4255: result: x86_64-pc-linux-gnu
configure:4275: checking host system type
configure:4288: result: arm-unknown-linux-gnu
configure:4329: checking how to print strings
configure:4356: result: printf
configure:4377: checking for a sed that does not truncate output
configure:4441: result: /home/paldier/ddwrt/toolchains/toolchain-arm_cortex-a9_gcc-8.2.0_musl_eabi/bin/sed
configure:4459: checking for grep that handles long lines and -e
configure:4517: result: /bin/grep
configure:4522: checking for egrep
configure:4584: result: /bin/grep -E
configure:4589: checking for fgrep
configure:4651: result: /bin/grep -F
configure:4686: checking for ld used by ccache arm-linux-uclibc-gcc -Os -pipe -mcpu=cortex-a9 -mtune=cortex-a9  -msoft-float -mfloat-abi=soft -fno-caller-saves -fno-plt  -fPIC -ffunction-sections -fdata-sections -Wl,--gc-sections -D_GNU_SOURCE  -DNEED_PRINTF -std=gnu89 -std=gnu99
configure:4753: result: arm-linux-uclibc-ld
configure:4760: checking if the linker (arm-linux-uclibc-ld) is GNU ld
configure:4775: result: yes
configure:4787: checking for BSD- or MS-compatible name lister (nm)
configure:4841: result: arm-linux-uclibc-nm
configure:4971: checking the name lister (arm-linux-uclibc-nm) interface
configure:4978: ccache arm-linux-uclibc-gcc -Os -pipe -mcpu=cortex-a9 -mtune=cortex-a9  -msoft-float -mfloat-abi=soft -fno-caller-saves -fno-plt  -fPIC -ffunction-sections -fdata-sections -Wl,--gc-sections -D_GNU_SOURCE  -DNEED_PRINTF -std=gnu89 -std=gnu99 -c -Os -pipe -mcpu=cortex-a9 -mtune=cortex-a9  -msoft-float -mfloat-abi=soft -fno-caller-saves -fno-plt  conftest.c >&5
configure:4981: arm-linux-uclibc-nm "conftest.o"
configure:4984: output
00000000 B some_variable
configure:4991: result: BSD nm
configure:4994: checking whether ln -s works
configure:4998: result: yes
configure:5006: checking the maximum length of command line arguments
configure:5137: result: 1572864
configure:5185: checking how to convert x86_64-pc-linux-gnu file names to arm-unknown-linux-gnu format
configure:5225: result: func_convert_file_noop
configure:5232: checking how to convert x86_64-pc-linux-gnu file names to toolchain format
configure:5252: result: func_convert_file_noop
configure:5259: checking for arm-linux-uclibc-ld option to reload object files
configure:5266: result: -r
configure:5300: checking for arm-linux-objdump
configure:5316: found /home/paldier/ddwrt/toolchains/toolchain-arm_cortex-a9_gcc-8.2.0_musl_eabi/bin/arm-linux-objdump
configure:5327: result: arm-linux-objdump
configure:5399: checking how to recognize dependent libraries
configure:5599: result: pass_all
configure:5644: checking for arm-linux-dlltool
configure:5674: result: no
configure:5684: checking for dlltool
configure:5714: result: no
configure:5744: checking how to associate runtime and link libraries
configure:5771: result: printf %s\n
configure:5788: checking for arm-linux-ar
configure:5815: result: arm-linux-uclibc-ar
configure:5896: checking for archiver @FILE support
configure:5913: ccache arm-linux-uclibc-gcc -Os -pipe -mcpu=cortex-a9 -mtune=cortex-a9  -msoft-float -mfloat-abi=soft -fno-caller-saves -fno-plt  -fPIC -ffunction-sections -fdata-sections -Wl,--gc-sections -D_GNU_SOURCE  -DNEED_PRINTF -std=gnu89 -std=gnu99 -c -Os -pipe -mcpu=cortex-a9 -mtune=cortex-a9  -msoft-float -mfloat-abi=soft -fno-caller-saves -fno-plt  conftest.c >&5
configure:5913: $? = 0
configure:5916: arm-linux-uclibc-ar cru libconftest.a @conftest.lst >&5
arm-linux-uclibc-ar: `u' modifier ignored since `D' is the default (see `U')
configure:5919: $? = 0
configure:5924: arm-linux-uclibc-ar cru libconftest.a @conftest.lst >&5
arm-linux-uclibc-ar: `u' modifier ignored since `D' is the default (see `U')
arm-linux-uclibc-ar: conftest.o: No such file or directory
configure:5927: $? = 1
configure:5939: result: @
configure:5957: checking for arm-linux-strip
configure:5984: result: arm-linux-uclibc-strip
configure:6056: checking for arm-linux-ranlib
configure:6083: result: arm-linux-uclibc-ranlib
configure:6225: checking command to parse arm-linux-uclibc-nm output from ccache arm-linux-uclibc-gcc -Os -pipe -mcpu=cortex-a9 -mtune=cortex-a9  -msoft-float -mfloat-abi=soft -fno-caller-saves -fno-plt  -fPIC -ffunction-sections -fdata-sections -Wl,--gc-sections -D_GNU_SOURCE  -DNEED_PRINTF -std=gnu89 -std=gnu99 object
configure:6378: ccache arm-linux-uclibc-gcc -Os -pipe -mcpu=cortex-a9 -mtune=cortex-a9  -msoft-float -mfloat-abi=soft -fno-caller-saves -fno-plt  -fPIC -ffunction-sections -fdata-sections -Wl,--gc-sections -D_GNU_SOURCE  -DNEED_PRINTF -std=gnu89 -std=gnu99 -c -Os -pipe -mcpu=cortex-a9 -mtune=cortex-a9  -msoft-float -mfloat-abi=soft -fno-caller-saves -fno-plt  conftest.c >&5
configure:6381: $? = 0
configure:6385: arm-linux-uclibc-nm conftest.o \| sed -n -e 's/^.*[ ]\([ABCDGIRSTW][ABCDGIRSTW]*\)[ ][ ]*\([_A-Za-z][_A-Za-z0-9]*\)$/\1 \2 \2/p' | sed '/ __gnu_lto/d' \> conftest.nm
configure:6388: $? = 0
configure:6454: ccache arm-linux-uclibc-gcc -Os -pipe -mcpu=cortex-a9 -mtune=cortex-a9  -msoft-float -mfloat-abi=soft -fno-caller-saves -fno-plt  -fPIC -ffunction-sections -fdata-sections -Wl,--gc-sections -D_GNU_SOURCE  -DNEED_PRINTF -std=gnu89 -std=gnu99 -o conftest -Os -pipe -mcpu=cortex-a9 -mtune=cortex-a9  -msoft-float -mfloat-abi=soft -fno-caller-saves -fno-plt  -ffunction-sections -fdata-sections -Wl,--gc-sections conftest.c conftstm.o >&5
configure:6457: $? = 0
configure:6495: result: ok
configure:6542: checking for sysroot
configure:6572: result: no
configure:6579: checking for a working dd
configure:6617: result: /bin/dd
configure:6621: checking how to truncate binary pipes
configure:6636: result: /bin/dd bs=4096 count=1
configure:6925: checking for arm-linux-mt
configure:6955: result: no
configure:6965: checking for mt
configure:6981: found /bin/mt
configure:6992: result: mt
configure:7004: WARNING: using cross tools not prefixed with host triplet
configure:7015: checking if mt is a manifest tool
configure:7021: mt '-?'
configure:7029: result: no
configure:7706: checking how to run the C preprocessor
configure:7737: ccache arm-linux-uclibc-gcc -Os -pipe -mcpu=cortex-a9 -mtune=cortex-a9  -msoft-float -mfloat-abi=soft -fno-caller-saves -fno-plt  -fPIC -ffunction-sections -fdata-sections -Wl,--gc-sections -D_GNU_SOURCE  -DNEED_PRINTF -std=gnu89 -std=gnu99 -E  conftest.c
configure:7737: $? = 0
configure:7751: ccache arm-linux-uclibc-gcc -Os -pipe -mcpu=cortex-a9 -mtune=cortex-a9  -msoft-float -mfloat-abi=soft -fno-caller-saves -fno-plt  -fPIC -ffunction-sections -fdata-sections -Wl,--gc-sections -D_GNU_SOURCE  -DNEED_PRINTF -std=gnu89 -std=gnu99 -E  conftest.c
conftest.c:11:10: fatal error: ac_nonexistent.h: No such file or directory
 #include <ac_nonexistent.h>
          ^~~~~~~~~~~~~~~~~~
compilation terminated.
configure:7751: $? = 1
configure: failed program was:
| /* confdefs.h */
| #define PACKAGE_NAME "exfatprogs"
| #define PACKAGE_TARNAME "exfatprogs"
| #define PACKAGE_VERSION "1.0.3"
| #define PACKAGE_STRING "exfatprogs 1.0.3"
| #define PACKAGE_BUGREPORT "linkinjeon@kernel.org"
| #define PACKAGE_URL "https://github.com/exfatprogs/exfatprogs"
| #define PACKAGE "exfatprogs"
| #define VERSION "1.0.3"
| /* end confdefs.h.  */
| #include <ac_nonexistent.h>
configure:7776: result: ccache arm-linux-uclibc-gcc -Os -pipe -mcpu=cortex-a9 -mtune=cortex-a9  -msoft-float -mfloat-abi=soft -fno-caller-saves -fno-plt  -fPIC -ffunction-sections -fdata-sections -Wl,--gc-sections -D_GNU_SOURCE  -DNEED_PRINTF -std=gnu89 -std=gnu99 -E
configure:7796: ccache arm-linux-uclibc-gcc -Os -pipe -mcpu=cortex-a9 -mtune=cortex-a9  -msoft-float -mfloat-abi=soft -fno-caller-saves -fno-plt  -fPIC -ffunction-sections -fdata-sections -Wl,--gc-sections -D_GNU_SOURCE  -DNEED_PRINTF -std=gnu89 -std=gnu99 -E  conftest.c
configure:7796: $? = 0
configure:7810: ccache arm-linux-uclibc-gcc -Os -pipe -mcpu=cortex-a9 -mtune=cortex-a9  -msoft-float -mfloat-abi=soft -fno-caller-saves -fno-plt  -fPIC -ffunction-sections -fdata-sections -Wl,--gc-sections -D_GNU_SOURCE  -DNEED_PRINTF -std=gnu89 -std=gnu99 -E  conftest.c
conftest.c:11:10: fatal error: ac_nonexistent.h: No such file or directory
 #include <ac_nonexistent.h>
          ^~~~~~~~~~~~~~~~~~
compilation terminated.
configure:7810: $? = 1
configure: failed program was:
| /* confdefs.h */
| #define PACKAGE_NAME "exfatprogs"
| #define PACKAGE_TARNAME "exfatprogs"
| #define PACKAGE_VERSION "1.0.3"
| #define PACKAGE_STRING "exfatprogs 1.0.3"
| #define PACKAGE_BUGREPORT "linkinjeon@kernel.org"
| #define PACKAGE_URL "https://github.com/exfatprogs/exfatprogs"
| #define PACKAGE "exfatprogs"
| #define VERSION "1.0.3"
| /* end confdefs.h.  */
| #include <ac_nonexistent.h>
configure:7839: checking for ANSI C header files
configure:7859: ccache arm-linux-uclibc-gcc -Os -pipe -mcpu=cortex-a9 -mtune=cortex-a9  -msoft-float -mfloat-abi=soft -fno-caller-saves -fno-plt  -fPIC -ffunction-sections -fdata-sections -Wl,--gc-sections -D_GNU_SOURCE  -DNEED_PRINTF -std=gnu89 -std=gnu99 -c -Os -pipe -mcpu=cortex-a9 -mtune=cortex-a9  -msoft-float -mfloat-abi=soft -fno-caller-saves -fno-plt  conftest.c >&5
configure:7859: $? = 0
configure:7943: result: yes
configure:7956: checking for sys/types.h
configure:7956: ccache arm-linux-uclibc-gcc -Os -pipe -mcpu=cortex-a9 -mtune=cortex-a9  -msoft-float -mfloat-abi=soft -fno-caller-saves -fno-plt  -fPIC -ffunction-sections -fdata-sections -Wl,--gc-sections -D_GNU_SOURCE  -DNEED_PRINTF -std=gnu89 -std=gnu99 -c -Os -pipe -mcpu=cortex-a9 -mtune=cortex-a9  -msoft-float -mfloat-abi=soft -fno-caller-saves -fno-plt  conftest.c >&5
configure:7956: $? = 0
configure:7956: result: yes
configure:7956: checking for sys/stat.h
configure:7956: ccache arm-linux-uclibc-gcc -Os -pipe -mcpu=cortex-a9 -mtune=cortex-a9  -msoft-float -mfloat-abi=soft -fno-caller-saves -fno-plt  -fPIC -ffunction-sections -fdata-sections -Wl,--gc-sections -D_GNU_SOURCE  -DNEED_PRINTF -std=gnu89 -std=gnu99 -c -Os -pipe -mcpu=cortex-a9 -mtune=cortex-a9  -msoft-float -mfloat-abi=soft -fno-caller-saves -fno-plt  conftest.c >&5
configure:7956: $? = 0
configure:7956: result: yes
configure:7956: checking for stdlib.h
configure:7956: ccache arm-linux-uclibc-gcc -Os -pipe -mcpu=cortex-a9 -mtune=cortex-a9  -msoft-float -mfloat-abi=soft -fno-caller-saves -fno-plt  -fPIC -ffunction-sections -fdata-sections -Wl,--gc-sections -D_GNU_SOURCE  -DNEED_PRINTF -std=gnu89 -std=gnu99 -c -Os -pipe -mcpu=cortex-a9 -mtune=cortex-a9  -msoft-float -mfloat-abi=soft -fno-caller-saves -fno-plt  conftest.c >&5
configure:7956: $? = 0
configure:7956: result: yes
configure:7956: checking for string.h
configure:7956: ccache arm-linux-uclibc-gcc -Os -pipe -mcpu=cortex-a9 -mtune=cortex-a9  -msoft-float -mfloat-abi=soft -fno-caller-saves -fno-plt  -fPIC -ffunction-sections -fdata-sections -Wl,--gc-sections -D_GNU_SOURCE  -DNEED_PRINTF -std=gnu89 -std=gnu99 -c -Os -pipe -mcpu=cortex-a9 -mtune=cortex-a9  -msoft-float -mfloat-abi=soft -fno-caller-saves -fno-plt  conftest.c >&5
configure:7956: $? = 0
configure:7956: result: yes
configure:7956: checking for memory.h
configure:7956: ccache arm-linux-uclibc-gcc -Os -pipe -mcpu=cortex-a9 -mtune=cortex-a9  -msoft-float -mfloat-abi=soft -fno-caller-saves -fno-plt  -fPIC -ffunction-sections -fdata-sections -Wl,--gc-sections -D_GNU_SOURCE  -DNEED_PRINTF -std=gnu89 -std=gnu99 -c -Os -pipe -mcpu=cortex-a9 -mtune=cortex-a9  -msoft-float -mfloat-abi=soft -fno-caller-saves -fno-plt  conftest.c >&5
configure:7956: $? = 0
configure:7956: result: yes
configure:7956: checking for strings.h
configure:7956: ccache arm-linux-uclibc-gcc -Os -pipe -mcpu=cortex-a9 -mtune=cortex-a9  -msoft-float -mfloat-abi=soft -fno-caller-saves -fno-plt  -fPIC -ffunction-sections -fdata-sections -Wl,--gc-sections -D_GNU_SOURCE  -DNEED_PRINTF -std=gnu89 -std=gnu99 -c -Os -pipe -mcpu=cortex-a9 -mtune=cortex-a9  -msoft-float -mfloat-abi=soft -fno-caller-saves -fno-plt  conftest.c >&5
configure:7956: $? = 0
configure:7956: result: yes
configure:7956: checking for inttypes.h
configure:7956: ccache arm-linux-uclibc-gcc -Os -pipe -mcpu=cortex-a9 -mtune=cortex-a9  -msoft-float -mfloat-abi=soft -fno-caller-saves -fno-plt  -fPIC -ffunction-sections -fdata-sections -Wl,--gc-sections -D_GNU_SOURCE  -DNEED_PRINTF -std=gnu89 -std=gnu99 -c -Os -pipe -mcpu=cortex-a9 -mtune=cortex-a9  -msoft-float -mfloat-abi=soft -fno-caller-saves -fno-plt  conftest.c >&5
configure:7956: $? = 0
configure:7956: result: yes
configure:7956: checking for stdint.h
configure:7956: ccache arm-linux-uclibc-gcc -Os -pipe -mcpu=cortex-a9 -mtune=cortex-a9  -msoft-float -mfloat-abi=soft -fno-caller-saves -fno-plt  -fPIC -ffunction-sections -fdata-sections -Wl,--gc-sections -D_GNU_SOURCE  -DNEED_PRINTF -std=gnu89 -std=gnu99 -c -Os -pipe -mcpu=cortex-a9 -mtune=cortex-a9  -msoft-float -mfloat-abi=soft -fno-caller-saves -fno-plt  conftest.c >&5
configure:7956: $? = 0
configure:7956: result: yes
configure:7956: checking for unistd.h
configure:7956: ccache arm-linux-uclibc-gcc -Os -pipe -mcpu=cortex-a9 -mtune=cortex-a9  -msoft-float -mfloat-abi=soft -fno-caller-saves -fno-plt  -fPIC -ffunction-sections -fdata-sections -Wl,--gc-sections -D_GNU_SOURCE  -DNEED_PRINTF -std=gnu89 -std=gnu99 -c -Os -pipe -mcpu=cortex-a9 -mtune=cortex-a9  -msoft-float -mfloat-abi=soft -fno-caller-saves -fno-plt  conftest.c >&5
configure:7956: $? = 0
configure:7956: result: yes
configure:7970: checking for dlfcn.h
configure:7970: ccache arm-linux-uclibc-gcc -Os -pipe -mcpu=cortex-a9 -mtune=cortex-a9  -msoft-float -mfloat-abi=soft -fno-caller-saves -fno-plt  -fPIC -ffunction-sections -fdata-sections -Wl,--gc-sections -D_GNU_SOURCE  -DNEED_PRINTF -std=gnu89 -std=gnu99 -c -Os -pipe -mcpu=cortex-a9 -mtune=cortex-a9  -msoft-float -mfloat-abi=soft -fno-caller-saves -fno-plt  conftest.c >&5
configure:7970: $? = 0
configure:7970: result: yes
configure:8226: checking for objdir
configure:8241: result: .libs
configure:8505: checking if ccache arm-linux-uclibc-gcc -Os -pipe -mcpu=cortex-a9 -mtune=cortex-a9  -msoft-float -mfloat-abi=soft -fno-caller-saves -fno-plt  -fPIC -ffunction-sections -fdata-sections -Wl,--gc-sections -D_GNU_SOURCE  -DNEED_PRINTF -std=gnu89 -std=gnu99 supports -fno-rtti -fno-exceptions
configure:8523: ccache arm-linux-uclibc-gcc -Os -pipe -mcpu=cortex-a9 -mtune=cortex-a9  -msoft-float -mfloat-abi=soft -fno-caller-saves -fno-plt  -fPIC -ffunction-sections -fdata-sections -Wl,--gc-sections -D_GNU_SOURCE  -DNEED_PRINTF -std=gnu89 -std=gnu99 -c -Os -pipe -mcpu=cortex-a9 -mtune=cortex-a9  -msoft-float -mfloat-abi=soft -fno-caller-saves -fno-plt  -fno-rtti -fno-exceptions conftest.c >&5
cc1: warning: command line option '-fno-rtti' is valid for C++/ObjC++ but not for C
configure:8527: $? = 0
configure:8540: result: no
configure:8898: checking for ccache arm-linux-uclibc-gcc -Os -pipe -mcpu=cortex-a9 -mtune=cortex-a9  -msoft-float -mfloat-abi=soft -fno-caller-saves -fno-plt  -fPIC -ffunction-sections -fdata-sections -Wl,--gc-sections -D_GNU_SOURCE  -DNEED_PRINTF -std=gnu89 -std=gnu99 option to produce PIC
configure:8905: result: -fPIC -DPIC
configure:8913: checking if ccache arm-linux-uclibc-gcc -Os -pipe -mcpu=cortex-a9 -mtune=cortex-a9  -msoft-float -mfloat-abi=soft -fno-caller-saves -fno-plt  -fPIC -ffunction-sections -fdata-sections -Wl,--gc-sections -D_GNU_SOURCE  -DNEED_PRINTF -std=gnu89 -std=gnu99 PIC flag -fPIC -DPIC works
configure:8931: ccache arm-linux-uclibc-gcc -Os -pipe -mcpu=cortex-a9 -mtune=cortex-a9  -msoft-float -mfloat-abi=soft -fno-caller-saves -fno-plt  -fPIC -ffunction-sections -fdata-sections -Wl,--gc-sections -D_GNU_SOURCE  -DNEED_PRINTF -std=gnu89 -std=gnu99 -c -Os -pipe -mcpu=cortex-a9 -mtune=cortex-a9  -msoft-float -mfloat-abi=soft -fno-caller-saves -fno-plt  -fPIC -DPIC -DPIC conftest.c >&5
configure:8935: $? = 0
configure:8948: result: yes
configure:8977: checking if ccache arm-linux-uclibc-gcc -Os -pipe -mcpu=cortex-a9 -mtune=cortex-a9  -msoft-float -mfloat-abi=soft -fno-caller-saves -fno-plt  -fPIC -ffunction-sections -fdata-sections -Wl,--gc-sections -D_GNU_SOURCE  -DNEED_PRINTF -std=gnu89 -std=gnu99 static flag -static works
configure:9005: result: yes
configure:9020: checking if ccache arm-linux-uclibc-gcc -Os -pipe -mcpu=cortex-a9 -mtune=cortex-a9  -msoft-float -mfloat-abi=soft -fno-caller-saves -fno-plt  -fPIC -ffunction-sections -fdata-sections -Wl,--gc-sections -D_GNU_SOURCE  -DNEED_PRINTF -std=gnu89 -std=gnu99 supports -c -o file.o
configure:9041: ccache arm-linux-uclibc-gcc -Os -pipe -mcpu=cortex-a9 -mtune=cortex-a9  -msoft-float -mfloat-abi=soft -fno-caller-saves -fno-plt  -fPIC -ffunction-sections -fdata-sections -Wl,--gc-sections -D_GNU_SOURCE  -DNEED_PRINTF -std=gnu89 -std=gnu99 -c -Os -pipe -mcpu=cortex-a9 -mtune=cortex-a9  -msoft-float -mfloat-abi=soft -fno-caller-saves -fno-plt  -o out/conftest2.o conftest.c >&5
configure:9045: $? = 0
configure:9067: result: yes
configure:9075: checking if ccache arm-linux-uclibc-gcc -Os -pipe -mcpu=cortex-a9 -mtune=cortex-a9  -msoft-float -mfloat-abi=soft -fno-caller-saves -fno-plt  -fPIC -ffunction-sections -fdata-sections -Wl,--gc-sections -D_GNU_SOURCE  -DNEED_PRINTF -std=gnu89 -std=gnu99 supports -c -o file.o
configure:9122: result: yes
configure:9155: checking whether the ccache arm-linux-uclibc-gcc -Os -pipe -mcpu=cortex-a9 -mtune=cortex-a9  -msoft-float -mfloat-abi=soft -fno-caller-saves -fno-plt  -fPIC -ffunction-sections -fdata-sections -Wl,--gc-sections -D_GNU_SOURCE  -DNEED_PRINTF -std=gnu89 -std=gnu99 linker (arm-linux-uclibc-ld) supports shared libraries
configure:10418: result: yes
configure:10455: checking whether -lc should be explicitly linked in
configure:10463: ccache arm-linux-uclibc-gcc -Os -pipe -mcpu=cortex-a9 -mtune=cortex-a9  -msoft-float -mfloat-abi=soft -fno-caller-saves -fno-plt  -fPIC -ffunction-sections -fdata-sections -Wl,--gc-sections -D_GNU_SOURCE  -DNEED_PRINTF -std=gnu89 -std=gnu99 -c -Os -pipe -mcpu=cortex-a9 -mtune=cortex-a9  -msoft-float -mfloat-abi=soft -fno-caller-saves -fno-plt  conftest.c >&5
configure:10466: $? = 0
configure:10481: ccache arm-linux-uclibc-gcc -Os -pipe -mcpu=cortex-a9 -mtune=cortex-a9  -msoft-float -mfloat-abi=soft -fno-caller-saves -fno-plt  -fPIC -ffunction-sections -fdata-sections -Wl,--gc-sections -D_GNU_SOURCE  -DNEED_PRINTF -std=gnu89 -std=gnu99 -shared  -fPIC -DPIC conftest.o  -v -Wl,-soname -Wl,conftest -o conftest 2\>\&1 \| /bin/grep  -lc  \>/dev/null 2\>\&1
configure:10484: $? = 0
configure:10498: result: no
configure:10658: checking dynamic linker characteristics
configure:11239: ccache arm-linux-uclibc-gcc -Os -pipe -mcpu=cortex-a9 -mtune=cortex-a9  -msoft-float -mfloat-abi=soft -fno-caller-saves -fno-plt  -fPIC -ffunction-sections -fdata-sections -Wl,--gc-sections -D_GNU_SOURCE  -DNEED_PRINTF -std=gnu89 -std=gnu99 -o conftest -Os -pipe -mcpu=cortex-a9 -mtune=cortex-a9  -msoft-float -mfloat-abi=soft -fno-caller-saves -fno-plt  -ffunction-sections -fdata-sections -Wl,--gc-sections -Wl,-rpath -Wl,/foo conftest.c  >&5
configure:11239: $? = 0
configure:11488: result: GNU/Linux ld.so
configure:11610: checking how to hardcode library paths into programs
configure:11635: result: immediate
configure:12183: checking whether stripping libraries is possible
configure:12188: result: yes
configure:12223: checking if libtool supports shared libraries
configure:12225: result: yes
configure:12228: checking whether to build shared libraries
configure:12253: result: yes
configure:12256: checking whether to build static libraries
configure:12260: result: yes
configure:12304: checking for special C compiler options needed for large files
configure:12349: result: no
configure:12355: checking for _FILE_OFFSET_BITS value needed for large files
configure:12380: ccache arm-linux-uclibc-gcc -Os -pipe -mcpu=cortex-a9 -mtune=cortex-a9  -msoft-float -mfloat-abi=soft -fno-caller-saves -fno-plt  -fPIC -ffunction-sections -fdata-sections -Wl,--gc-sections -D_GNU_SOURCE  -DNEED_PRINTF -std=gnu89 -std=gnu99 -c -Os -pipe -mcpu=cortex-a9 -mtune=cortex-a9  -msoft-float -mfloat-abi=soft -fno-caller-saves -fno-plt  conftest.c >&5
configure:12380: $? = 0
configure:12412: result: no
configure:12497: checking whether byte ordering is bigendian
configure:12512: ccache arm-linux-uclibc-gcc -Os -pipe -mcpu=cortex-a9 -mtune=cortex-a9  -msoft-float -mfloat-abi=soft -fno-caller-saves -fno-plt  -fPIC -ffunction-sections -fdata-sections -Wl,--gc-sections -D_GNU_SOURCE  -DNEED_PRINTF -std=gnu89 -std=gnu99 -c -Os -pipe -mcpu=cortex-a9 -mtune=cortex-a9  -msoft-float -mfloat-abi=soft -fno-caller-saves -fno-plt  conftest.c >&5
conftest.c:24:9: error: unknown type name 'not'
         not a universal capable compiler
         ^~~
conftest.c:24:15: error: expected '=', ',', ';', 'asm' or '__attribute__' before 'universal'
         not a universal capable compiler
               ^~~~~~~~~
conftest.c:24:15: error: unknown type name 'universal'
configure:12512: $? = 1
configure: failed program was:
| /* confdefs.h */
| #define PACKAGE_NAME "exfatprogs"
| #define PACKAGE_TARNAME "exfatprogs"
| #define PACKAGE_VERSION "1.0.3"
| #define PACKAGE_STRING "exfatprogs 1.0.3"
| #define PACKAGE_BUGREPORT "linkinjeon@kernel.org"
| #define PACKAGE_URL "https://github.com/exfatprogs/exfatprogs"
| #define PACKAGE "exfatprogs"
| #define VERSION "1.0.3"
| #define STDC_HEADERS 1
| #define HAVE_SYS_TYPES_H 1
| #define HAVE_SYS_STAT_H 1
| #define HAVE_STDLIB_H 1
| #define HAVE_STRING_H 1
| #define HAVE_MEMORY_H 1
| #define HAVE_STRINGS_H 1
| #define HAVE_INTTYPES_H 1
| #define HAVE_STDINT_H 1
| #define HAVE_UNISTD_H 1
| #define HAVE_DLFCN_H 1
| #define LT_OBJDIR ".libs/"
| /* end confdefs.h.  */
| #ifndef __APPLE_CC__
| 	       not a universal capable compiler
| 	     #endif
| 	     typedef int dummy;
| 
configure:12557: ccache arm-linux-uclibc-gcc -Os -pipe -mcpu=cortex-a9 -mtune=cortex-a9  -msoft-float -mfloat-abi=soft -fno-caller-saves -fno-plt  -fPIC -ffunction-sections -fdata-sections -Wl,--gc-sections -D_GNU_SOURCE  -DNEED_PRINTF -std=gnu89 -std=gnu99 -c -Os -pipe -mcpu=cortex-a9 -mtune=cortex-a9  -msoft-float -mfloat-abi=soft -fno-caller-saves -fno-plt  conftest.c >&5
configure:12557: $? = 0
configure:12575: ccache arm-linux-uclibc-gcc -Os -pipe -mcpu=cortex-a9 -mtune=cortex-a9  -msoft-float -mfloat-abi=soft -fno-caller-saves -fno-plt  -fPIC -ffunction-sections -fdata-sections -Wl,--gc-sections -D_GNU_SOURCE  -DNEED_PRINTF -std=gnu89 -std=gnu99 -c -Os -pipe -mcpu=cortex-a9 -mtune=cortex-a9  -msoft-float -mfloat-abi=soft -fno-caller-saves -fno-plt  conftest.c >&5
conftest.c: In function 'main':
conftest.c:30:4: error: unknown type name 'not'; did you mean 'ino_t'?
    not big endian
    ^~~
    ino_t
conftest.c:30:12: error: expected '=', ',', ';', 'asm' or '__attribute__' before 'endian'
    not big endian
            ^~~~~~
configure:12575: $? = 1
configure: failed program was:
| /* confdefs.h */
| #define PACKAGE_NAME "exfatprogs"
| #define PACKAGE_TARNAME "exfatprogs"
| #define PACKAGE_VERSION "1.0.3"
| #define PACKAGE_STRING "exfatprogs 1.0.3"
| #define PACKAGE_BUGREPORT "linkinjeon@kernel.org"
| #define PACKAGE_URL "https://github.com/exfatprogs/exfatprogs"
| #define PACKAGE "exfatprogs"
| #define VERSION "1.0.3"
| #define STDC_HEADERS 1
| #define HAVE_SYS_TYPES_H 1
| #define HAVE_SYS_STAT_H 1
| #define HAVE_STDLIB_H 1
| #define HAVE_STRING_H 1
| #define HAVE_MEMORY_H 1
| #define HAVE_STRINGS_H 1
| #define HAVE_INTTYPES_H 1
| #define HAVE_STDINT_H 1
| #define HAVE_UNISTD_H 1
| #define HAVE_DLFCN_H 1
| #define LT_OBJDIR ".libs/"
| /* end confdefs.h.  */
| #include <sys/types.h>
| 		#include <sys/param.h>
| 
| int
| main ()
| {
| #if BYTE_ORDER != BIG_ENDIAN
| 		 not big endian
| 		#endif
| 
|   ;
|   return 0;
| }
configure:12703: result: no
configure:12834: checking that generated files are newer than configure
configure:12840: result: done
configure:12864: creating ./config.status

## ---------------------- ##
## Running config.status. ##
## ---------------------- ##

This file was extended by exfatprogs config.status 1.0.3, which was
generated by GNU Autoconf 2.69.  Invocation command line was

  CONFIG_FILES    = 
  CONFIG_HEADERS  = 
  CONFIG_LINKS    = 
  CONFIG_COMMANDS = 
  $ ./config.status 

on paldier-MerlinR

config.status:1091: creating Makefile
config.status:1091: creating lib/Makefile
config.status:1091: creating mkfs/Makefile
config.status:1091: creating fsck/Makefile
config.status:1091: creating tune/Makefile
config.status:1091: creating config.h
config.status:1272: config.h is unchanged
config.status:1320: executing depfiles commands
config.status:1320: executing libtool commands

## ---------------- ##
## Cache variables. ##
## ---------------- ##

ac_cv_build=x86_64-pc-linux-gnu
ac_cv_c_bigendian=no
ac_cv_c_compiler_gnu=yes
ac_cv_env_CC_set=set
ac_cv_env_CC_value='ccache arm-linux-uclibc-gcc -Os -pipe -mcpu=cortex-a9 -mtune=cortex-a9  -msoft-float -mfloat-abi=soft -fno-caller-saves -fno-plt  -fPIC -ffunction-sections -fdata-sections -Wl,--gc-sections -D_GNU_SOURCE  -DNEED_PRINTF -std=gnu89'
ac_cv_env_CFLAGS_set=set
ac_cv_env_CFLAGS_value='-Os -pipe -mcpu=cortex-a9 -mtune=cortex-a9  -msoft-float -mfloat-abi=soft -fno-caller-saves -fno-plt'
ac_cv_env_CPPFLAGS_set=
ac_cv_env_CPPFLAGS_value=
ac_cv_env_CPP_set=
ac_cv_env_CPP_value=
ac_cv_env_LDFLAGS_set=set
ac_cv_env_LDFLAGS_value='-ffunction-sections -fdata-sections -Wl,--gc-sections'
ac_cv_env_LIBS_set=
ac_cv_env_LIBS_value=
ac_cv_env_LT_SYS_LIBRARY_PATH_set=
ac_cv_env_LT_SYS_LIBRARY_PATH_value=
ac_cv_env_build_alias_set=
ac_cv_env_build_alias_value=
ac_cv_env_host_alias_set=set
ac_cv_env_host_alias_value=arm-linux
ac_cv_env_target_alias_set=
ac_cv_env_target_alias_value=
ac_cv_func_mmap_fixed_mapped='yes '
ac_cv_func_posix_getgrgid_r=no
ac_cv_func_posix_getpwuid_r=no
ac_cv_header_dlfcn_h=yes
ac_cv_header_inttypes_h=yes
ac_cv_header_memory_h=yes
ac_cv_header_stdc=yes
ac_cv_header_stdint_h=yes
ac_cv_header_stdlib_h=yes
ac_cv_header_string_h=yes
ac_cv_header_strings_h=yes
ac_cv_header_sys_stat_h=yes
ac_cv_header_sys_types_h=yes
ac_cv_header_unistd_h=yes
ac_cv_host=arm-unknown-linux-gnu
ac_cv_lib_rt_clock_gettime=no
ac_cv_objext=o
ac_cv_path_EGREP='/bin/grep -E'
ac_cv_path_FGREP='/bin/grep -F'
ac_cv_path_GREP=/bin/grep
ac_cv_path_SED=/home/paldier/ddwrt/toolchains/toolchain-arm_cortex-a9_gcc-8.2.0_musl_eabi/bin/sed
ac_cv_path_install='/usr/bin/install -c'
ac_cv_path_lt_DD=/bin/dd
ac_cv_path_mkdir=/bin/mkdir
ac_cv_prog_AR=arm-linux-uclibc-ar
ac_cv_prog_AWK=gawk
ac_cv_prog_CC='ccache arm-linux-uclibc-gcc -Os -pipe -mcpu=cortex-a9 -mtune=cortex-a9  -msoft-float -mfloat-abi=soft -fno-caller-saves -fno-plt  -fPIC -ffunction-sections -fdata-sections -Wl,--gc-sections -D_GNU_SOURCE  -DNEED_PRINTF -std=gnu89'
ac_cv_prog_CPP='ccache arm-linux-uclibc-gcc -Os -pipe -mcpu=cortex-a9 -mtune=cortex-a9  -msoft-float -mfloat-abi=soft -fno-caller-saves -fno-plt  -fPIC -ffunction-sections -fdata-sections -Wl,--gc-sections -D_GNU_SOURCE  -DNEED_PRINTF -std=gnu89 -std=gnu99 -E'
ac_cv_prog_OBJDUMP=arm-linux-objdump
ac_cv_prog_RANLIB=arm-linux-uclibc-ranlib
ac_cv_prog_STRIP=arm-linux-uclibc-strip
ac_cv_prog_ac_ct_MANIFEST_TOOL=mt
ac_cv_prog_cc_c89=
ac_cv_prog_cc_c99=-std=gnu99
ac_cv_prog_cc_g=yes
ac_cv_prog_cc_stdc=-std=gnu99
ac_cv_prog_make_make_set=yes
ac_cv_sys_file_offset_bits=no
ac_cv_sys_largefile_CC=no
am_cv_CC_dependencies_compiler_type=gcc3
am_cv_make_support_nested_variables=yes
am_cv_prog_cc_c_o=yes
am_cv_prog_tar_pax=gnutar
glib_cv_stack_grows='no '
glib_cv_uscore='no '
lt_cv_ar_at_file=@
lt_cv_archive_cmds_need_lc=no
lt_cv_deplibs_check_method=pass_all
lt_cv_file_magic_cmd='$MAGIC_CMD'
lt_cv_file_magic_test_file=
lt_cv_ld_reload_flag=-r
lt_cv_nm_interface='BSD nm'
lt_cv_objdir=.libs
lt_cv_path_LD=arm-linux-uclibc-ld
lt_cv_path_NM=arm-linux-uclibc-nm
lt_cv_path_mainfest_tool=no
lt_cv_prog_compiler_c_o=yes
lt_cv_prog_compiler_pic='-fPIC -DPIC'
lt_cv_prog_compiler_pic_works=yes
lt_cv_prog_compiler_rtti_exceptions=no
lt_cv_prog_compiler_static_works=yes
lt_cv_prog_gnu_ld=yes
lt_cv_sharedlib_from_linklib_cmd='printf %s\n'
lt_cv_shlibpath_overrides_runpath=no
lt_cv_sys_global_symbol_pipe='sed -n -e '\''s/^.*[	 ]\([ABCDGIRSTW][ABCDGIRSTW]*\)[	 ][	 ]*\([_A-Za-z][_A-Za-z0-9]*\)$/\1 \2 \2/p'\'' | sed '\''/ __gnu_lto/d'\'''
lt_cv_sys_global_symbol_to_c_name_address='sed -n -e '\''s/^: \(.*\) .*$/  {"\1", (void *) 0},/p'\'' -e '\''s/^[ABCDGIRSTW][ABCDGIRSTW]* .* \(.*\)$/  {"\1", (void *) \&\1},/p'\'''
lt_cv_sys_global_symbol_to_c_name_address_lib_prefix='sed -n -e '\''s/^: \(.*\) .*$/  {"\1", (void *) 0},/p'\'' -e '\''s/^[ABCDGIRSTW][ABCDGIRSTW]* .* \(lib.*\)$/  {"\1", (void *) \&\1},/p'\'' -e '\''s/^[ABCDGIRSTW][ABCDGIRSTW]* .* \(.*\)$/  {"lib\1", (void *) \&\1},/p'\'''
lt_cv_sys_global_symbol_to_cdecl='sed -n -e '\''s/^T .* \(.*\)$/extern int \1();/p'\'' -e '\''s/^[ABCDGIRSTW][ABCDGIRSTW]* .* \(.*\)$/extern char \1;/p'\'''
lt_cv_sys_global_symbol_to_import=
lt_cv_sys_max_cmd_len=1572864
lt_cv_to_host_file_cmd=func_convert_file_noop
lt_cv_to_tool_file_cmd=func_convert_file_noop
lt_cv_truncate_bin='/bin/dd bs=4096 count=1'

## ----------------- ##
## Output variables. ##
## ----------------- ##

ACLOCAL='${SHELL} /home/paldier/ddwrt/src/router/exfat-utils/build-aux/missing aclocal-1.15'
AMDEPBACKSLASH='\'
AMDEP_FALSE='#'
AMDEP_TRUE=''
AMTAR='$${TAR-tar}'
AM_BACKSLASH='\'
AM_DEFAULT_V='$(AM_DEFAULT_VERBOSITY)'
AM_DEFAULT_VERBOSITY='0'
AM_V='$(V)'
AR='arm-linux-uclibc-ar'
AUTOCONF='${SHELL} /home/paldier/ddwrt/src/router/exfat-utils/build-aux/missing autoconf'
AUTOHEADER='${SHELL} /home/paldier/ddwrt/src/router/exfat-utils/build-aux/missing autoheader'
AUTOMAKE='${SHELL} /home/paldier/ddwrt/src/router/exfat-utils/build-aux/missing automake-1.15'
AWK='gawk'
CC='ccache arm-linux-uclibc-gcc -Os -pipe -mcpu=cortex-a9 -mtune=cortex-a9  -msoft-float -mfloat-abi=soft -fno-caller-saves -fno-plt  -fPIC -ffunction-sections -fdata-sections -Wl,--gc-sections -D_GNU_SOURCE  -DNEED_PRINTF -std=gnu89 -std=gnu99'
CCDEPMODE='depmode=gcc3'
CFLAGS='-Os -pipe -mcpu=cortex-a9 -mtune=cortex-a9  -msoft-float -mfloat-abi=soft -fno-caller-saves -fno-plt'
CPP='ccache arm-linux-uclibc-gcc -Os -pipe -mcpu=cortex-a9 -mtune=cortex-a9  -msoft-float -mfloat-abi=soft -fno-caller-saves -fno-plt  -fPIC -ffunction-sections -fdata-sections -Wl,--gc-sections -D_GNU_SOURCE  -DNEED_PRINTF -std=gnu89 -std=gnu99 -E'
CPPFLAGS=''
CYGPATH_W='echo'
DEFS='-DHAVE_CONFIG_H'
DEPDIR='.deps'
DLLTOOL='false'
DSYMUTIL=''
DUMPBIN=''
ECHO_C=''
ECHO_N='-n'
ECHO_T=''
EGREP='/bin/grep -E'
EXEEXT=''
FGREP='/bin/grep -F'
GREP='/bin/grep'
INSTALL_DATA='${INSTALL} -m 644'
INSTALL_PROGRAM='${INSTALL}'
INSTALL_SCRIPT='${INSTALL}'
INSTALL_STRIP_PROGRAM='$(install_sh) -c -s'
LD='arm-linux-uclibc-ld'
LDFLAGS='-ffunction-sections -fdata-sections -Wl,--gc-sections'
LIBOBJS=''
LIBS=''
LIBTOOL='$(SHELL) $(top_builddir)/libtool'
LIPO=''
LN_S='ln -s'
LTLIBOBJS=''
LT_SYS_LIBRARY_PATH=''
MAKEINFO='${SHELL} /home/paldier/ddwrt/src/router/exfat-utils/build-aux/missing makeinfo'
MANIFEST_TOOL=':'
MKDIR_P='/bin/mkdir -p'
NM='arm-linux-uclibc-nm'
NMEDIT=''
OBJDUMP='arm-linux-objdump'
OBJEXT='o'
OTOOL64=''
OTOOL=''
PACKAGE='exfatprogs'
PACKAGE_BUGREPORT='linkinjeon@kernel.org'
PACKAGE_NAME='exfatprogs'
PACKAGE_STRING='exfatprogs 1.0.3'
PACKAGE_TARNAME='exfatprogs'
PACKAGE_URL='https://github.com/exfatprogs/exfatprogs'
PACKAGE_VERSION='1.0.3'
PATH_SEPARATOR=':'
RANLIB='arm-linux-uclibc-ranlib'
SED='/home/paldier/ddwrt/toolchains/toolchain-arm_cortex-a9_gcc-8.2.0_musl_eabi/bin/sed'
SET_MAKE=''
SHELL='/bin/sh'
STRIP='arm-linux-uclibc-strip'
VERSION='1.0.3'
ac_ct_AR=''
ac_ct_CC=''
ac_ct_DUMPBIN=''
am__EXEEXT_FALSE=''
am__EXEEXT_TRUE='#'
am__fastdepCC_FALSE='#'
am__fastdepCC_TRUE=''
am__include='include'
am__isrc=''
am__leading_dot='.'
am__nodep='_no'
am__quote=''
am__tar='tar --format=posix -chf - "$$tardir"'
am__untar='tar -xf -'
bindir='${exec_prefix}/bin'
build='x86_64-pc-linux-gnu'
build_alias=''
build_cpu='x86_64'
build_os='linux-gnu'
build_vendor='pc'
datadir='${datarootdir}'
datarootdir='${prefix}/share'
docdir='${datarootdir}/doc/${PACKAGE_TARNAME}'
dvidir='${docdir}'
exec_prefix='${prefix}'
host='arm-unknown-linux-gnu'
host_alias='arm-linux'
host_cpu='arm'
host_os='linux-gnu'
host_vendor='unknown'
htmldir='${docdir}'
includedir='${prefix}/include'
infodir='${datarootdir}/info'
install_sh='${SHELL} /home/paldier/ddwrt/src/router/exfat-utils/build-aux/install-sh'
libdir='/usr/lib'
libexecdir='${exec_prefix}/libexec'
localedir='${datarootdir}/locale'
localstatedir='${prefix}/var'
mandir='${datarootdir}/man'
mkdir_p='$(MKDIR_P)'
oldincludedir='/usr/include'
pdfdir='${docdir}'
prefix='/usr'
program_transform_name='s,x,x,'
psdir='${docdir}'
runstatedir='${localstatedir}/run'
sbindir='${exec_prefix}/sbin'
sharedstatedir='${prefix}/com'
sysconfdir='${prefix}/etc'
target_alias=''

## ----------- ##
## confdefs.h. ##
## ----------- ##

/* confdefs.h */
#define PACKAGE_NAME "exfatprogs"
#define PACKAGE_TARNAME "exfatprogs"
#define PACKAGE_VERSION "1.0.3"
#define PACKAGE_STRING "exfatprogs 1.0.3"
#define PACKAGE_BUGREPORT "linkinjeon@kernel.org"
#define PACKAGE_URL "https://github.com/exfatprogs/exfatprogs"
#define PACKAGE "exfatprogs"
#define VERSION "1.0.3"
#define STDC_HEADERS 1
#define HAVE_SYS_TYPES_H 1
#define HAVE_SYS_STAT_H 1
#define HAVE_STDLIB_H 1
#define HAVE_STRING_H 1
#define HAVE_MEMORY_H 1
#define HAVE_STRINGS_H 1
#define HAVE_INTTYPES_H 1
#define HAVE_STDINT_H 1
#define HAVE_UNISTD_H 1
#define HAVE_DLFCN_H 1
#define LT_OBJDIR ".libs/"

configure: exit 0
