This file contains any messages produced by compilers while
running configure, to aid debugging if configure makes a mistake.

It was created by expat configure 2.0.1, which was
generated by GNU Autoconf 2.59.  Invocation command line was

  $ ./configure arm-linux --build=i386-pc-linux-gnu --prefix=/home/paldier/ddwrt/src/router/_staging/usr/ --libdir=/home/paldier/ddwrt/src/router/_staging/usr/lib --includedir=/home/paldier/ddwrt/src/router/_staging/usr/include

## --------- ##
## Platform. ##
## --------- ##

hostname = paldier-MerlinR
uname -m = x86_64
uname -r = 4.15.0-64-generic
uname -s = Linux
uname -v = #73-Ubuntu SMP Thu Sep 12 13:16:13 UTC 2019

/usr/bin/uname -p = unknown
/bin/uname -X     = unknown

/bin/arch              = unknown
/usr/bin/arch -k       = unknown
/usr/convex/getsysinfo = unknown
hostinfo               = unknown
/bin/machine           = unknown
/usr/bin/oslevel       = unknown
/bin/universe          = unknown

PATH: /home/paldier/ddwrt/toolchains/toolchain-arm_cortex-a9_gcc-8.2.0_musl_eabi/bin
PATH: /usr/local/sbin
PATH: /usr/local/bin
PATH: /usr/sbin
PATH: /usr/bin
PATH: /sbin
PATH: /bin
PATH: /usr/games
PATH: /usr/local/games


## ----------- ##
## Core tests. ##
## ----------- ##

configure:2092: checking build system type
configure:2110: result: i386-pc-linux-gnu
configure:2118: checking host system type
configure:2132: result: arm-unknown-linux-gnu
configure:2148: checking for arm-linux-gcc
configure:2174: result: ccache arm-linux-uclibc-gcc
configure:2456: checking for C compiler version
configure:2459: ccache arm-linux-uclibc-gcc --version </dev/null >&5
arm-linux-uclibc-gcc (OpenWrt GCC 8.2.0 r7577-d14647dd59) 8.2.0
Copyright (C) 2018 Free Software Foundation, Inc.
This is free software; see the source for copying conditions.  There is NO
warranty; not even for MERCHANTABILITY or FITNESS FOR A PARTICULAR PURPOSE.

configure:2462: $? = 0
configure:2464: ccache arm-linux-uclibc-gcc -v </dev/null >&5
Using built-in specs.
COLLECT_GCC=/home/paldier/ddwrt/toolchains/toolchain-arm_cortex-a9_gcc-8.2.0_musl_eabi/bin/arm-linux-uclibc-gcc
COLLECT_LTO_WRAPPER=/home/paldier/ddwrt/toolchains/toolchain-arm_cortex-a9_gcc-8.2.0_musl_eabi/bin/../lib/gcc/arm-openwrt-linux-muslgnueabi/8.2.0/lto-wrapper
Target: arm-openwrt-linux-muslgnueabi
Configured with: /home/xfs/openwrt/lede_nbd/nbd/build_dir/toolchain-arm_cortex-a9_gcc-8.2.0_musl_eabi/gcc-8.2.0/configure --with-bugurl=http://www.lede-project.org/bugs/ --with-pkgversion='OpenWrt GCC 8.2.0 r7577-d14647dd59' --prefix=/home/xfs/openwrt/lede_nbd/nbd/staging_dir/toolchain-arm_cortex-a9_gcc-8.2.0_musl_eabi --build=x86_64-pc-linux-gnu --host=x86_64-pc-linux-gnu --target=arm-openwrt-linux-muslgnueabi --with-gnu-ld --enable-target-optspace --disable-libgomp --disable-libmudflap --disable-multilib --disable-libmpx --disable-nls --without-isl --without-cloog --with-host-libstdcxx=-lstdc++ --with-float=soft --with-gmp=/home/xfs/openwrt/lede_nbd/nbd/staging_dir/host --with-mpfr=/home/xfs/openwrt/lede_nbd/nbd/staging_dir/host --with-mpc=/home/xfs/openwrt/lede_nbd/nbd/staging_dir/host --disable-decimal-float --with-diagnostics-color=auto-if-env --disable-libssp --enable-__cxa_atexit --with-headers=/home/xfs/openwrt/lede_nbd/nbd/staging_dir/toolchain-arm_cortex-a9_gcc-8.2.0_musl_eabi/include --disable-libsanitizer --enable-languages=c,c++ --enable-shared --enable-threads --with-slibdir=/home/xfs/openwrt/lede_nbd/nbd/staging_dir/toolchain-arm_cortex-a9_gcc-8.2.0_musl_eabi/lib --enable-lto --with-libelf=/home/xfs/openwrt/lede_nbd/nbd/staging_dir/host
Thread model: posix
gcc version 8.2.0 (OpenWrt GCC 8.2.0 r7577-d14647dd59) 
configure:2467: $? = 0
configure:2469: ccache arm-linux-uclibc-gcc -V </dev/null >&5
arm-linux-uclibc-gcc: error: unrecognized command line option '-V'
arm-linux-uclibc-gcc: fatal error: no input files
compilation terminated.
configure:2472: $? = 1
configure:2495: checking for C compiler default output file name
configure:2498: ccache arm-linux-uclibc-gcc -Os -pipe -mcpu=cortex-a9 -mtune=cortex-a9  -msoft-float -mfloat-abi=soft -fno-caller-saves -fno-plt   conftest.c  >&5
configure:2501: $? = 0
configure:2547: result: a.out
configure:2552: checking whether the C compiler works
configure:2578: result: yes
configure:2585: checking whether we are cross compiling
configure:2587: result: yes
configure:2590: checking for suffix of executables
configure:2592: ccache arm-linux-uclibc-gcc -o conftest -Os -pipe -mcpu=cortex-a9 -mtune=cortex-a9  -msoft-float -mfloat-abi=soft -fno-caller-saves -fno-plt   conftest.c  >&5
configure:2595: $? = 0
configure:2620: result: 
configure:2626: checking for suffix of object files
configure:2647: ccache arm-linux-uclibc-gcc -c -Os -pipe -mcpu=cortex-a9 -mtune=cortex-a9  -msoft-float -mfloat-abi=soft -fno-caller-saves -fno-plt  conftest.c >&5
configure:2650: $? = 0
configure:2672: result: o
configure:2676: checking whether we are using the GNU C compiler
configure:2700: ccache arm-linux-uclibc-gcc -c -Os -pipe -mcpu=cortex-a9 -mtune=cortex-a9  -msoft-float -mfloat-abi=soft -fno-caller-saves -fno-plt  conftest.c >&5
configure:2706: $? = 0
configure:2710: test -z 
			 || test ! -s conftest.err
configure:2713: $? = 0
configure:2716: test -s conftest.o
configure:2719: $? = 0
configure:2732: result: yes
configure:2738: checking whether ccache arm-linux-uclibc-gcc accepts -g
configure:2759: ccache arm-linux-uclibc-gcc -c -g  conftest.c >&5
configure:2765: $? = 0
configure:2769: test -z 
			 || test ! -s conftest.err
configure:2772: $? = 0
configure:2775: test -s conftest.o
configure:2778: $? = 0
configure:2789: result: yes
configure:2806: checking for ccache arm-linux-uclibc-gcc option to accept ANSI C
configure:2876: ccache arm-linux-uclibc-gcc  -c -Os -pipe -mcpu=cortex-a9 -mtune=cortex-a9  -msoft-float -mfloat-abi=soft -fno-caller-saves -fno-plt  conftest.c >&5
configure:2882: $? = 0
configure:2886: test -z 
			 || test ! -s conftest.err
configure:2889: $? = 0
configure:2892: test -s conftest.o
configure:2895: $? = 0
configure:2913: result: none needed
configure:2931: ccache arm-linux-uclibc-gcc -c -Os -pipe -mcpu=cortex-a9 -mtune=cortex-a9  -msoft-float -mfloat-abi=soft -fno-caller-saves -fno-plt  conftest.c >&5
conftest.c:2:3: error: unknown type name 'choke'
   choke me
   ^~~~~
conftest.c:2:3: error: expected '=', ',', ';', 'asm' or '__attribute__' at end of input
configure:2937: $? = 1
configure: failed program was:
| #ifndef __cplusplus
|   choke me
| #endif
configure:3070: checking for a sed that does not truncate output
configure:3124: result: /home/paldier/ddwrt/toolchains/toolchain-arm_cortex-a9_gcc-8.2.0_musl_eabi/bin/sed
configure:3127: checking for egrep
configure:3137: result: grep -E
configure:3153: checking for ld used by ccache arm-linux-uclibc-gcc
configure:3220: result: arm-linux-uclibc-ld
configure:3229: checking if the linker (arm-linux-uclibc-ld) is GNU ld
configure:3244: result: yes
configure:3249: checking for arm-linux-uclibc-ld option to reload object files
configure:3256: result: -r
configure:3274: checking for BSD-compatible nm
configure:3323: result: arm-linux-uclibc-nm
configure:3327: checking whether ln -s works
configure:3331: result: yes
configure:3338: checking how to recognise dependent libraries
configure:3514: result: pass_all
configure:3993: checking how to run the C preprocessor
configure:4028: ccache arm-linux-uclibc-gcc -E  conftest.c
configure:4034: $? = 0
configure:4066: ccache arm-linux-uclibc-gcc -E  conftest.c
conftest.c:9:10: fatal error: ac_nonexistent.h: No such file or directory
 #include <ac_nonexistent.h>
          ^~~~~~~~~~~~~~~~~~
compilation terminated.
configure:4072: $? = 1
configure: failed program was:
| /* confdefs.h.  */
| 
| #define PACKAGE_NAME "expat"
| #define PACKAGE_TARNAME "expat"
| #define PACKAGE_VERSION "2.0.1"
| #define PACKAGE_STRING "expat 2.0.1"
| #define PACKAGE_BUGREPORT "expat-bugs@libexpat.org"
| /* end confdefs.h.  */
| #include <ac_nonexistent.h>
configure:4111: result: ccache arm-linux-uclibc-gcc -E
configure:4135: ccache arm-linux-uclibc-gcc -E  conftest.c
configure:4141: $? = 0
configure:4173: ccache arm-linux-uclibc-gcc -E  conftest.c
conftest.c:9:10: fatal error: ac_nonexistent.h: No such file or directory
 #include <ac_nonexistent.h>
          ^~~~~~~~~~~~~~~~~~
compilation terminated.
configure:4179: $? = 1
configure: failed program was:
| /* confdefs.h.  */
| 
| #define PACKAGE_NAME "expat"
| #define PACKAGE_TARNAME "expat"
| #define PACKAGE_VERSION "2.0.1"
| #define PACKAGE_STRING "expat 2.0.1"
| #define PACKAGE_BUGREPORT "expat-bugs@libexpat.org"
| /* end confdefs.h.  */
| #include <ac_nonexistent.h>
configure:4223: checking for ANSI C header files
configure:4248: ccache arm-linux-uclibc-gcc -c -Os -pipe -mcpu=cortex-a9 -mtune=cortex-a9  -msoft-float -mfloat-abi=soft -fno-caller-saves -fno-plt  conftest.c >&5
configure:4254: $? = 0
configure:4258: test -z 
			 || test ! -s conftest.err
configure:4261: $? = 0
configure:4264: test -s conftest.o
configure:4267: $? = 0
configure:4379: result: yes
configure:4403: checking for sys/types.h
configure:4419: ccache arm-linux-uclibc-gcc -c -Os -pipe -mcpu=cortex-a9 -mtune=cortex-a9  -msoft-float -mfloat-abi=soft -fno-caller-saves -fno-plt  conftest.c >&5
configure:4425: $? = 0
configure:4429: test -z 
			 || test ! -s conftest.err
configure:4432: $? = 0
configure:4435: test -s conftest.o
configure:4438: $? = 0
configure:4449: result: yes
configure:4403: checking for sys/stat.h
configure:4419: ccache arm-linux-uclibc-gcc -c -Os -pipe -mcpu=cortex-a9 -mtune=cortex-a9  -msoft-float -mfloat-abi=soft -fno-caller-saves -fno-plt  conftest.c >&5
configure:4425: $? = 0
configure:4429: test -z 
			 || test ! -s conftest.err
configure:4432: $? = 0
configure:4435: test -s conftest.o
configure:4438: $? = 0
configure:4449: result: yes
configure:4403: checking for stdlib.h
configure:4419: ccache arm-linux-uclibc-gcc -c -Os -pipe -mcpu=cortex-a9 -mtune=cortex-a9  -msoft-float -mfloat-abi=soft -fno-caller-saves -fno-plt  conftest.c >&5
configure:4425: $? = 0
configure:4429: test -z 
			 || test ! -s conftest.err
configure:4432: $? = 0
configure:4435: test -s conftest.o
configure:4438: $? = 0
configure:4449: result: yes
configure:4403: checking for string.h
configure:4419: ccache arm-linux-uclibc-gcc -c -Os -pipe -mcpu=cortex-a9 -mtune=cortex-a9  -msoft-float -mfloat-abi=soft -fno-caller-saves -fno-plt  conftest.c >&5
configure:4425: $? = 0
configure:4429: test -z 
			 || test ! -s conftest.err
configure:4432: $? = 0
configure:4435: test -s conftest.o
configure:4438: $? = 0
configure:4449: result: yes
configure:4403: checking for memory.h
configure:4419: ccache arm-linux-uclibc-gcc -c -Os -pipe -mcpu=cortex-a9 -mtune=cortex-a9  -msoft-float -mfloat-abi=soft -fno-caller-saves -fno-plt  conftest.c >&5
configure:4425: $? = 0
configure:4429: test -z 
			 || test ! -s conftest.err
configure:4432: $? = 0
configure:4435: test -s conftest.o
configure:4438: $? = 0
configure:4449: result: yes
configure:4403: checking for strings.h
configure:4419: ccache arm-linux-uclibc-gcc -c -Os -pipe -mcpu=cortex-a9 -mtune=cortex-a9  -msoft-float -mfloat-abi=soft -fno-caller-saves -fno-plt  conftest.c >&5
configure:4425: $? = 0
configure:4429: test -z 
			 || test ! -s conftest.err
configure:4432: $? = 0
configure:4435: test -s conftest.o
configure:4438: $? = 0
configure:4449: result: yes
configure:4403: checking for inttypes.h
configure:4419: ccache arm-linux-uclibc-gcc -c -Os -pipe -mcpu=cortex-a9 -mtune=cortex-a9  -msoft-float -mfloat-abi=soft -fno-caller-saves -fno-plt  conftest.c >&5
configure:4425: $? = 0
configure:4429: test -z 
			 || test ! -s conftest.err
configure:4432: $? = 0
configure:4435: test -s conftest.o
configure:4438: $? = 0
configure:4449: result: yes
configure:4403: checking for stdint.h
configure:4419: ccache arm-linux-uclibc-gcc -c -Os -pipe -mcpu=cortex-a9 -mtune=cortex-a9  -msoft-float -mfloat-abi=soft -fno-caller-saves -fno-plt  conftest.c >&5
configure:4425: $? = 0
configure:4429: test -z 
			 || test ! -s conftest.err
configure:4432: $? = 0
configure:4435: test -s conftest.o
configure:4438: $? = 0
configure:4449: result: yes
configure:4403: checking for unistd.h
configure:4419: ccache arm-linux-uclibc-gcc -c -Os -pipe -mcpu=cortex-a9 -mtune=cortex-a9  -msoft-float -mfloat-abi=soft -fno-caller-saves -fno-plt  conftest.c >&5
configure:4425: $? = 0
configure:4429: test -z 
			 || test ! -s conftest.err
configure:4432: $? = 0
configure:4435: test -s conftest.o
configure:4438: $? = 0
configure:4449: result: yes
configure:4475: checking dlfcn.h usability
configure:4487: ccache arm-linux-uclibc-gcc -c -Os -pipe -mcpu=cortex-a9 -mtune=cortex-a9  -msoft-float -mfloat-abi=soft -fno-caller-saves -fno-plt  conftest.c >&5
configure:4493: $? = 0
configure:4497: test -z 
			 || test ! -s conftest.err
configure:4500: $? = 0
configure:4503: test -s conftest.o
configure:4506: $? = 0
configure:4516: result: yes
configure:4520: checking dlfcn.h presence
configure:4530: ccache arm-linux-uclibc-gcc -E  conftest.c
configure:4536: $? = 0
configure:4556: result: yes
configure:4591: checking for dlfcn.h
configure:4598: result: yes
configure:4621: checking for arm-linux-g++
configure:4647: result: ccache arm-linux-uclibc-g++
configure:4705: checking for C++ compiler version
configure:4708: ccache arm-linux-uclibc-g++ --version </dev/null >&5
arm-linux-uclibc-g++ (OpenWrt GCC 8.2.0 r7577-d14647dd59) 8.2.0
Copyright (C) 2018 Free Software Foundation, Inc.
This is free software; see the source for copying conditions.  There is NO
warranty; not even for MERCHANTABILITY or FITNESS FOR A PARTICULAR PURPOSE.

configure:4711: $? = 0
configure:4713: ccache arm-linux-uclibc-g++ -v </dev/null >&5
Using built-in specs.
COLLECT_GCC=/home/paldier/ddwrt/toolchains/toolchain-arm_cortex-a9_gcc-8.2.0_musl_eabi/bin/arm-linux-uclibc-g++
COLLECT_LTO_WRAPPER=/home/paldier/ddwrt/toolchains/toolchain-arm_cortex-a9_gcc-8.2.0_musl_eabi/bin/../lib/gcc/arm-openwrt-linux-muslgnueabi/8.2.0/lto-wrapper
Target: arm-openwrt-linux-muslgnueabi
Configured with: /home/xfs/openwrt/lede_nbd/nbd/build_dir/toolchain-arm_cortex-a9_gcc-8.2.0_musl_eabi/gcc-8.2.0/configure --with-bugurl=http://www.lede-project.org/bugs/ --with-pkgversion='OpenWrt GCC 8.2.0 r7577-d14647dd59' --prefix=/home/xfs/openwrt/lede_nbd/nbd/staging_dir/toolchain-arm_cortex-a9_gcc-8.2.0_musl_eabi --build=x86_64-pc-linux-gnu --host=x86_64-pc-linux-gnu --target=arm-openwrt-linux-muslgnueabi --with-gnu-ld --enable-target-optspace --disable-libgomp --disable-libmudflap --disable-multilib --disable-libmpx --disable-nls --without-isl --without-cloog --with-host-libstdcxx=-lstdc++ --with-float=soft --with-gmp=/home/xfs/openwrt/lede_nbd/nbd/staging_dir/host --with-mpfr=/home/xfs/openwrt/lede_nbd/nbd/staging_dir/host --with-mpc=/home/xfs/openwrt/lede_nbd/nbd/staging_dir/host --disable-decimal-float --with-diagnostics-color=auto-if-env --disable-libssp --enable-__cxa_atexit --with-headers=/home/xfs/openwrt/lede_nbd/nbd/staging_dir/toolchain-arm_cortex-a9_gcc-8.2.0_musl_eabi/include --disable-libsanitizer --enable-languages=c,c++ --enable-shared --enable-threads --with-slibdir=/home/xfs/openwrt/lede_nbd/nbd/staging_dir/toolchain-arm_cortex-a9_gcc-8.2.0_musl_eabi/lib --enable-lto --with-libelf=/home/xfs/openwrt/lede_nbd/nbd/staging_dir/host
Thread model: posix
gcc version 8.2.0 (OpenWrt GCC 8.2.0 r7577-d14647dd59) 
configure:4716: $? = 0
configure:4718: ccache arm-linux-uclibc-g++ -V </dev/null >&5
arm-linux-uclibc-g++: error: unrecognized command line option '-V'
arm-linux-uclibc-g++: fatal error: no input files
compilation terminated.
configure:4721: $? = 1
configure:4724: checking whether we are using the GNU C++ compiler
configure:4748: ccache arm-linux-uclibc-g++ -c   conftest.cc >&5
configure:4754: $? = 0
configure:4758: test -z 
			 || test ! -s conftest.err
configure:4761: $? = 0
configure:4764: test -s conftest.o
configure:4767: $? = 0
configure:4780: result: yes
configure:4786: checking whether ccache arm-linux-uclibc-g++ accepts -g
configure:4807: ccache arm-linux-uclibc-g++ -c -g  conftest.cc >&5
configure:4813: $? = 0
configure:4817: test -z 
			 || test ! -s conftest.err
configure:4820: $? = 0
configure:4823: test -s conftest.o
configure:4826: $? = 0
configure:4837: result: yes
configure:4879: ccache arm-linux-uclibc-g++ -c -g -O2  conftest.cc >&5
configure:4885: $? = 0
configure:4889: test -z 
			 || test ! -s conftest.err
configure:4892: $? = 0
configure:4895: test -s conftest.o
configure:4898: $? = 0
configure:4924: ccache arm-linux-uclibc-g++ -c -g -O2  conftest.cc >&5
conftest.cc: In function 'int main()':
conftest.cc:24:1: error: 'exit' was not declared in this scope
 exit (42);
 ^~~~
configure:4930: $? = 1
configure: failed program was:
| /* confdefs.h.  */
| 
| #define PACKAGE_NAME "expat"
| #define PACKAGE_TARNAME "expat"
| #define PACKAGE_VERSION "2.0.1"
| #define PACKAGE_STRING "expat 2.0.1"
| #define PACKAGE_BUGREPORT "expat-bugs@libexpat.org"
| #define STDC_HEADERS 1
| #define HAVE_SYS_TYPES_H 1
| #define HAVE_SYS_STAT_H 1
| #define HAVE_STDLIB_H 1
| #define HAVE_STRING_H 1
| #define HAVE_MEMORY_H 1
| #define HAVE_STRINGS_H 1
| #define HAVE_INTTYPES_H 1
| #define HAVE_STDINT_H 1
| #define HAVE_UNISTD_H 1
| #define HAVE_DLFCN_H 1
| /* end confdefs.h.  */
| 
| int
| main ()
| {
| exit (42);
|   ;
|   return 0;
| }
configure:4879: ccache arm-linux-uclibc-g++ -c -g -O2  conftest.cc >&5
configure:4885: $? = 0
configure:4889: test -z 
			 || test ! -s conftest.err
configure:4892: $? = 0
configure:4895: test -s conftest.o
configure:4898: $? = 0
configure:4924: ccache arm-linux-uclibc-g++ -c -g -O2  conftest.cc >&5
configure:4930: $? = 0
configure:4934: test -z 
			 || test ! -s conftest.err
configure:4937: $? = 0
configure:4940: test -s conftest.o
configure:4943: $? = 0
configure:4976: checking how to run the C++ preprocessor
configure:5007: ccache arm-linux-uclibc-g++ -E  conftest.cc
configure:5013: $? = 0
configure:5045: ccache arm-linux-uclibc-g++ -E  conftest.cc
conftest.cc:23:10: fatal error: ac_nonexistent.h: No such file or directory
 #include <ac_nonexistent.h>
          ^~~~~~~~~~~~~~~~~~
compilation terminated.
configure:5051: $? = 1
configure: failed program was:
| /* confdefs.h.  */
| 
| #define PACKAGE_NAME "expat"
| #define PACKAGE_TARNAME "expat"
| #define PACKAGE_VERSION "2.0.1"
| #define PACKAGE_STRING "expat 2.0.1"
| #define PACKAGE_BUGREPORT "expat-bugs@libexpat.org"
| #define STDC_HEADERS 1
| #define HAVE_SYS_TYPES_H 1
| #define HAVE_SYS_STAT_H 1
| #define HAVE_STDLIB_H 1
| #define HAVE_STRING_H 1
| #define HAVE_MEMORY_H 1
| #define HAVE_STRINGS_H 1
| #define HAVE_INTTYPES_H 1
| #define HAVE_STDINT_H 1
| #define HAVE_UNISTD_H 1
| #define HAVE_DLFCN_H 1
| #ifdef __cplusplus
| extern "C" void std::exit (int) throw (); using std::exit;
| #endif
| /* end confdefs.h.  */
| #include <ac_nonexistent.h>
configure:5090: result: ccache arm-linux-uclibc-g++ -E
configure:5114: ccache arm-linux-uclibc-g++ -E  conftest.cc
configure:5120: $? = 0
configure:5152: ccache arm-linux-uclibc-g++ -E  conftest.cc
conftest.cc:23:10: fatal error: ac_nonexistent.h: No such file or directory
 #include <ac_nonexistent.h>
          ^~~~~~~~~~~~~~~~~~
compilation terminated.
configure:5158: $? = 1
configure: failed program was:
| /* confdefs.h.  */
| 
| #define PACKAGE_NAME "expat"
| #define PACKAGE_TARNAME "expat"
| #define PACKAGE_VERSION "2.0.1"
| #define PACKAGE_STRING "expat 2.0.1"
| #define PACKAGE_BUGREPORT "expat-bugs@libexpat.org"
| #define STDC_HEADERS 1
| #define HAVE_SYS_TYPES_H 1
| #define HAVE_SYS_STAT_H 1
| #define HAVE_STDLIB_H 1
| #define HAVE_STRING_H 1
| #define HAVE_MEMORY_H 1
| #define HAVE_STRINGS_H 1
| #define HAVE_INTTYPES_H 1
| #define HAVE_STDINT_H 1
| #define HAVE_UNISTD_H 1
| #define HAVE_DLFCN_H 1
| #ifdef __cplusplus
| extern "C" void std::exit (int) throw (); using std::exit;
| #endif
| /* end confdefs.h.  */
| #include <ac_nonexistent.h>
configure:5213: checking for arm-linux-g77
configure:5242: result: no
configure:5213: checking for arm-linux-f77
configure:5242: result: no
configure:5213: checking for arm-linux-xlf
configure:5242: result: no
configure:5213: checking for arm-linux-frt
configure:5242: result: no
configure:5213: checking for arm-linux-pgf77
configure:5242: result: no
configure:5213: checking for arm-linux-fort77
configure:5242: result: no
configure:5213: checking for arm-linux-fl32
configure:5242: result: no
configure:5213: checking for arm-linux-af77
configure:5242: result: no
configure:5213: checking for arm-linux-f90
configure:5242: result: no
configure:5213: checking for arm-linux-xlf90
configure:5242: result: no
configure:5213: checking for arm-linux-pgf90
configure:5242: result: no
configure:5213: checking for arm-linux-epcf90
configure:5242: result: no
configure:5213: checking for arm-linux-f95
configure:5242: result: no
configure:5213: checking for arm-linux-fort
configure:5242: result: no
configure:5213: checking for arm-linux-xlf95
configure:5242: result: no
configure:5213: checking for arm-linux-ifc
configure:5242: result: no
configure:5213: checking for arm-linux-efc
configure:5242: result: no
configure:5213: checking for arm-linux-pgf95
configure:5242: result: no
configure:5213: checking for arm-linux-lf95
configure:5242: result: no
configure:5213: checking for arm-linux-gfortran
configure:5242: result: no
configure:5255: checking for g77
configure:5284: result: no
configure:5255: checking for f77
configure:5284: result: no
configure:5255: checking for xlf
configure:5284: result: no
configure:5255: checking for frt
configure:5284: result: no
configure:5255: checking for pgf77
configure:5284: result: no
configure:5255: checking for fort77
configure:5284: result: no
configure:5255: checking for fl32
configure:5284: result: no
configure:5255: checking for af77
configure:5284: result: no
configure:5255: checking for f90
configure:5284: result: no
configure:5255: checking for xlf90
configure:5284: result: no
configure:5255: checking for pgf90
configure:5284: result: no
configure:5255: checking for epcf90
configure:5284: result: no
configure:5255: checking for f95
configure:5284: result: no
configure:5255: checking for fort
configure:5284: result: no
configure:5255: checking for xlf95
configure:5284: result: no
configure:5255: checking for ifc
configure:5284: result: no
configure:5255: checking for efc
configure:5284: result: no
configure:5255: checking for pgf95
configure:5284: result: no
configure:5255: checking for lf95
configure:5284: result: no
configure:5255: checking for gfortran
configure:5284: result: no
configure:5296: checking for Fortran 77 compiler version
configure:5299:  --version </dev/null >&5
./configure: line 5300: --version: command not found
configure:5302: $? = 127
configure:5304:  -v </dev/null >&5
./configure: line 5305: -v: command not found
configure:5307: $? = 127
configure:5309:  -V </dev/null >&5
./configure: line 5310: -V: command not found
configure:5312: $? = 127
configure:5320: checking whether we are using the GNU Fortran 77 compiler
configure:5334:  -c  conftest.F >&5
./configure: line 5335: -c: command not found
configure:5340: $? = 127
configure: failed program was:
|       program main
| #ifndef __GNUC__
|        choke me
| #endif
| 
|       end
configure:5366: result: no
configure:5372: checking whether  accepts -g
configure:5384:  -c -g conftest.f >&5
./configure: line 5385: -c: command not found
configure:5390: $? = 127
configure: failed program was:
|       program main
| 
|       end
configure:5415: result: no
configure:5445: checking the maximum length of command line arguments
configure:5554: result: 32768
configure:5565: checking command to parse arm-linux-uclibc-nm output from ccache arm-linux-uclibc-gcc object
configure:5670: ccache arm-linux-uclibc-gcc -c -Os -pipe -mcpu=cortex-a9 -mtune=cortex-a9  -msoft-float -mfloat-abi=soft -fno-caller-saves -fno-plt  conftest.c >&5
configure:5673: $? = 0
configure:5677: arm-linux-uclibc-nm conftest.o \| sed -n -e 's/^.*[ 	]\([ABCDGIRSTW][ABCDGIRSTW]*\)[ 	][ 	]*\([_A-Za-z][_A-Za-z0-9]*\)$/\1 \2 \2/p' \> conftest.nm
configure:5680: $? = 0
configure:5732: ccache arm-linux-uclibc-gcc -o conftest -Os -pipe -mcpu=cortex-a9 -mtune=cortex-a9  -msoft-float -mfloat-abi=soft -fno-caller-saves -fno-plt   conftest.c conftstm.o >&5
configure:5735: $? = 0
configure:5773: result: ok
configure:5777: checking for objdir
configure:5792: result: .libs
configure:5844: checking for arm-linux-ar
configure:5870: result: arm-linux-uclibc-ar
configure:5924: checking for arm-linux-ranlib
configure:5950: result: arm-linux-uclibc-ranlib
configure:6004: checking for arm-linux-strip
configure:6030: result: arm-linux-uclibc-strip
configure:6345: checking if ccache arm-linux-uclibc-gcc supports -fno-rtti -fno-exceptions
configure:6363: ccache arm-linux-uclibc-gcc -c -Os -pipe -mcpu=cortex-a9 -mtune=cortex-a9  -msoft-float -mfloat-abi=soft -fno-caller-saves -fno-plt  -fno-rtti -fno-exceptions conftest.c >&5
cc1: warning: command line option '-fno-rtti' is valid for C++/ObjC++ but not for C
configure:6367: $? = 0
configure:6380: result: no
configure:6395: checking for ccache arm-linux-uclibc-gcc option to produce PIC
configure:6605: result: -fPIC
configure:6613: checking if ccache arm-linux-uclibc-gcc PIC flag -fPIC works
configure:6631: ccache arm-linux-uclibc-gcc -c -Os -pipe -mcpu=cortex-a9 -mtune=cortex-a9  -msoft-float -mfloat-abi=soft -fno-caller-saves -fno-plt  -fPIC -DPIC conftest.c >&5
configure:6635: $? = 0
configure:6648: result: yes
configure:6676: checking if ccache arm-linux-uclibc-gcc static flag -static works
configure:6704: result: yes
configure:6714: checking if ccache arm-linux-uclibc-gcc supports -c -o file.o
configure:6735: ccache arm-linux-uclibc-gcc -c -Os -pipe -mcpu=cortex-a9 -mtune=cortex-a9  -msoft-float -mfloat-abi=soft -fno-caller-saves -fno-plt  -o out/conftest2.o conftest.c >&5
configure:6739: $? = 0
configure:6761: result: yes
configure:6787: checking whether the ccache arm-linux-uclibc-gcc linker (arm-linux-uclibc-ld) supports shared libraries
configure:7745: result: yes
configure:7766: checking whether -lc should be explicitly linked in
configure:7771: ccache arm-linux-uclibc-gcc -c -Os -pipe -mcpu=cortex-a9 -mtune=cortex-a9  -msoft-float -mfloat-abi=soft -fno-caller-saves -fno-plt  conftest.c >&5
configure:7774: $? = 0
configure:7789: ccache arm-linux-uclibc-gcc -shared conftest.o  -v -Wl,-soname -Wl,conftest -o conftest 2\>\&1 \| grep  -lc  \>/dev/null 2\>\&1
configure:7792: $? = 0
configure:7804: result: no
configure:7812: checking dynamic linker characteristics
configure:8400: result: GNU/Linux ld.so
configure:8409: checking how to hardcode library paths into programs
configure:8434: result: immediate
configure:8448: checking whether stripping libraries is possible
configure:8453: result: yes
configure:9287: checking if libtool supports shared libraries
configure:9289: result: yes
configure:9292: checking whether to build shared libraries
configure:9313: result: yes
configure:9316: checking whether to build static libraries
configure:9320: result: yes
configure:9412: creating libtool
configure:10000: checking for ld used by ccache arm-linux-uclibc-g++
configure:10067: result: arm-linux-uclibc-ld
configure:10076: checking if the linker (arm-linux-uclibc-ld) is GNU ld
configure:10091: result: yes
configure:10142: checking whether the ccache arm-linux-uclibc-g++ linker (arm-linux-uclibc-ld) supports shared libraries
configure:11080: result: yes
configure:11102: ccache arm-linux-uclibc-g++ -c -g -O2  conftest.cpp >&5
configure:11105: $? = 0
configure:11224: checking for ccache arm-linux-uclibc-g++ option to produce PIC
configure:11498: result: -fPIC
configure:11506: checking if ccache arm-linux-uclibc-g++ PIC flag -fPIC works
configure:11524: ccache arm-linux-uclibc-g++ -c -g -O2  -fPIC -DPIC conftest.cpp >&5
configure:11528: $? = 0
configure:11541: result: yes
configure:11569: checking if ccache arm-linux-uclibc-g++ static flag -static works
configure:11597: result: yes
configure:11607: checking if ccache arm-linux-uclibc-g++ supports -c -o file.o
configure:11628: ccache arm-linux-uclibc-g++ -c -g -O2  -o out/conftest2.o conftest.cpp >&5
configure:11632: $? = 0
configure:11654: result: yes
configure:11680: checking whether the ccache arm-linux-uclibc-g++ linker (arm-linux-uclibc-ld) supports shared libraries
configure:11705: result: yes
configure:11772: checking dynamic linker characteristics
configure:12360: result: GNU/Linux ld.so
configure:12369: checking how to hardcode library paths into programs
configure:12394: result: immediate
configure:18561: checking for arm-linux-gcc
configure:18587: result: ccache arm-linux-uclibc-gcc
configure:18869: checking for C compiler version
configure:18872: ccache arm-linux-uclibc-gcc --version </dev/null >&5
arm-linux-uclibc-gcc (OpenWrt GCC 8.2.0 r7577-d14647dd59) 8.2.0
Copyright (C) 2018 Free Software Foundation, Inc.
This is free software; see the source for copying conditions.  There is NO
warranty; not even for MERCHANTABILITY or FITNESS FOR A PARTICULAR PURPOSE.

configure:18875: $? = 0
configure:18877: ccache arm-linux-uclibc-gcc -v </dev/null >&5
Using built-in specs.
COLLECT_GCC=/home/paldier/ddwrt/toolchains/toolchain-arm_cortex-a9_gcc-8.2.0_musl_eabi/bin/arm-linux-uclibc-gcc
COLLECT_LTO_WRAPPER=/home/paldier/ddwrt/toolchains/toolchain-arm_cortex-a9_gcc-8.2.0_musl_eabi/bin/../lib/gcc/arm-openwrt-linux-muslgnueabi/8.2.0/lto-wrapper
Target: arm-openwrt-linux-muslgnueabi
Configured with: /home/xfs/openwrt/lede_nbd/nbd/build_dir/toolchain-arm_cortex-a9_gcc-8.2.0_musl_eabi/gcc-8.2.0/configure --with-bugurl=http://www.lede-project.org/bugs/ --with-pkgversion='OpenWrt GCC 8.2.0 r7577-d14647dd59' --prefix=/home/xfs/openwrt/lede_nbd/nbd/staging_dir/toolchain-arm_cortex-a9_gcc-8.2.0_musl_eabi --build=x86_64-pc-linux-gnu --host=x86_64-pc-linux-gnu --target=arm-openwrt-linux-muslgnueabi --with-gnu-ld --enable-target-optspace --disable-libgomp --disable-libmudflap --disable-multilib --disable-libmpx --disable-nls --without-isl --without-cloog --with-host-libstdcxx=-lstdc++ --with-float=soft --with-gmp=/home/xfs/openwrt/lede_nbd/nbd/staging_dir/host --with-mpfr=/home/xfs/openwrt/lede_nbd/nbd/staging_dir/host --with-mpc=/home/xfs/openwrt/lede_nbd/nbd/staging_dir/host --disable-decimal-float --with-diagnostics-color=auto-if-env --disable-libssp --enable-__cxa_atexit --with-headers=/home/xfs/openwrt/lede_nbd/nbd/staging_dir/toolchain-arm_cortex-a9_gcc-8.2.0_musl_eabi/include --disable-libsanitizer --enable-languages=c,c++ --enable-shared --enable-threads --with-slibdir=/home/xfs/openwrt/lede_nbd/nbd/staging_dir/toolchain-arm_cortex-a9_gcc-8.2.0_musl_eabi/lib --enable-lto --with-libelf=/home/xfs/openwrt/lede_nbd/nbd/staging_dir/host
Thread model: posix
gcc version 8.2.0 (OpenWrt GCC 8.2.0 r7577-d14647dd59) 
configure:18880: $? = 0
configure:18882: ccache arm-linux-uclibc-gcc -V </dev/null >&5
arm-linux-uclibc-gcc: error: unrecognized command line option '-V'
arm-linux-uclibc-gcc: fatal error: no input files
compilation terminated.
configure:18885: $? = 1
configure:18888: checking whether we are using the GNU C compiler
configure:18944: result: yes
configure:18950: checking whether ccache arm-linux-uclibc-gcc accepts -g
configure:19001: result: yes
configure:19018: checking for ccache arm-linux-uclibc-gcc option to accept ANSI C
configure:19125: result: none needed
configure:19143: ccache arm-linux-uclibc-gcc -c -Os -pipe -mcpu=cortex-a9 -mtune=cortex-a9  -msoft-float -mfloat-abi=soft -fno-caller-saves -fno-plt  conftest.c >&5
conftest.c:2:3: error: unknown type name 'choke'
   choke me
   ^~~~~
conftest.c:2:3: error: expected '=', ',', ';', 'asm' or '__attribute__' at end of input
configure:19149: $? = 1
configure: failed program was:
| #ifndef __cplusplus
|   choke me
| #endif
configure:19295: checking for a BSD-compatible install
configure:19350: result: /usr/bin/install -c
configure:19365: checking whether ccache arm-linux-uclibc-gcc accepts -fexceptions
configure:19383: ccache arm-linux-uclibc-gcc -o conftest -Os -pipe -mcpu=cortex-a9 -mtune=cortex-a9  -msoft-float -mfloat-abi=soft -fno-caller-saves -fno-plt -Wall -Wmissing-prototypes -Wstrict-prototypes -fexceptions   conftest.c  >&5
conftest.c:25:1: warning: function declaration isn't a prototype [-Wstrict-prototypes]
 main ()
 ^~~~
configure:19389: $? = 0
configure:19393: test -z 
			 || test ! -s conftest.err
configure:19396: $? = 0
configure:19399: test -s conftest
configure:19402: $? = 0
configure:19404: result: yes
configure:19418: checking for ANSI C header files
configure:19574: result: yes
configure:19586: checking whether byte ordering is bigendian
configure:19613: ccache arm-linux-uclibc-gcc -c -Os -pipe -mcpu=cortex-a9 -mtune=cortex-a9  -msoft-float -mfloat-abi=soft -fno-caller-saves -fno-plt -Wall -Wmissing-prototypes -Wstrict-prototypes -fexceptions  conftest.c >&5
conftest.c:27:1: warning: function declaration isn't a prototype [-Wstrict-prototypes]
 main ()
 ^~~~
configure:19619: $? = 0
configure:19623: test -z 
			 || test ! -s conftest.err
configure:19626: $? = 0
configure:19629: test -s conftest.o
configure:19632: $? = 0
configure:19655: ccache arm-linux-uclibc-gcc -c -Os -pipe -mcpu=cortex-a9 -mtune=cortex-a9  -msoft-float -mfloat-abi=soft -fno-caller-saves -fno-plt -Wall -Wmissing-prototypes -Wstrict-prototypes -fexceptions  conftest.c >&5
conftest.c:27:1: warning: function declaration isn't a prototype [-Wstrict-prototypes]
 main ()
 ^~~~
conftest.c: In function 'main':
conftest.c:31:2: error: unknown type name 'not'; did you mean 'ino_t'?
  not big endian
  ^~~
  ino_t
conftest.c:31:10: error: expected '=', ',', ';', 'asm' or '__attribute__' before 'endian'
  not big endian
          ^~~~~~
configure:19661: $? = 1
configure: failed program was:
| /* confdefs.h.  */
| 
| #define PACKAGE_NAME "expat"
| #define PACKAGE_TARNAME "expat"
| #define PACKAGE_VERSION "2.0.1"
| #define PACKAGE_STRING "expat 2.0.1"
| #define PACKAGE_BUGREPORT "expat-bugs@libexpat.org"
| #define STDC_HEADERS 1
| #define HAVE_SYS_TYPES_H 1
| #define HAVE_SYS_STAT_H 1
| #define HAVE_STDLIB_H 1
| #define HAVE_STRING_H 1
| #define HAVE_MEMORY_H 1
| #define HAVE_STRINGS_H 1
| #define HAVE_INTTYPES_H 1
| #define HAVE_STDINT_H 1
| #define HAVE_UNISTD_H 1
| #define HAVE_DLFCN_H 1
| #ifdef __cplusplus
| extern "C" void std::exit (int) throw (); using std::exit;
| #endif
| #define STDC_HEADERS 1
| /* end confdefs.h.  */
| #include <sys/types.h>
| #include <sys/param.h>
| int
| main ()
| {
| 
| #if BYTE_ORDER != BIG_ENDIAN
|  not big endian
| #endif
|   ;
|   return 0;
| }
configure:19735: result: no
configure:19792: checking for an ANSI C-conforming const
configure:19859: ccache arm-linux-uclibc-gcc -c -Os -pipe -mcpu=cortex-a9 -mtune=cortex-a9  -msoft-float -mfloat-abi=soft -fno-caller-saves -fno-plt -Wall -Wmissing-prototypes -Wstrict-prototypes -fexceptions  conftest.c >&5
conftest.c:27:1: warning: function declaration isn't a prototype [-Wstrict-prototypes]
 main ()
 ^~~~
conftest.c: In function 'main':
conftest.c:52:17: warning: unused variable 's' [-Wunused-variable]
     char const *s = 0 ? (char *) 0 : (char const *) 0;
                 ^
conftest.c:72:15: warning: unused variable 'foo' [-Wunused-variable]
     const int foo = 10;
               ^~~
conftest.c:39:29: warning: unused variable 'zero' [-Wunused-variable]
   static struct point const zero = {0,0};
                             ^~~~
conftest.c:33:17: warning: unused variable 'x' [-Wunused-variable]
   const charset x;
                 ^
At top level:
conftest.c:39:29: warning: 'zero' defined but not used [-Wunused-const-variable=]
   static struct point const zero = {0,0};
                             ^~~~
conftest.c: In function 'main':
conftest.c:54:7: warning: 't' is used uninitialized in this function [-Wuninitialized]
     *t++ = 0;
      ~^~
conftest.c:69:23: warning: 'b' is used uninitialized in this function [-Wuninitialized]
     struct s *b; b->j = 5;
                  ~~~~~^~~
configure:19865: $? = 0
configure:19869: test -z 
			 || test ! -s conftest.err
configure:19872: $? = 0
configure:19875: test -s conftest.o
configure:19878: $? = 0
configure:19889: result: yes
configure:19899: checking for size_t
configure:19923: ccache arm-linux-uclibc-gcc -c -Os -pipe -mcpu=cortex-a9 -mtune=cortex-a9  -msoft-float -mfloat-abi=soft -fno-caller-saves -fno-plt -Wall -Wmissing-prototypes -Wstrict-prototypes -fexceptions  conftest.c >&5
conftest.c:60:1: warning: function declaration isn't a prototype [-Wstrict-prototypes]
 main ()
 ^~~~
configure:19929: $? = 0
configure:19933: test -z 
			 || test ! -s conftest.err
configure:19936: $? = 0
configure:19939: test -s conftest.o
configure:19942: $? = 0
configure:19953: result: yes
configure:19970: checking for memmove
configure:20027: ccache arm-linux-uclibc-gcc -o conftest -Os -pipe -mcpu=cortex-a9 -mtune=cortex-a9  -msoft-float -mfloat-abi=soft -fno-caller-saves -fno-plt -Wall -Wmissing-prototypes -Wstrict-prototypes -fexceptions   conftest.c  >&5
conftest.c:49:1: warning: function declaration isn't a prototype [-Wstrict-prototypes]
 char memmove ();
 ^~~~
conftest.c:49:6: warning: conflicting types for built-in function 'memmove' [-Wbuiltin-declaration-mismatch]
 char memmove ();
      ^~~~~~~
conftest.c:56:1: warning: function declaration isn't a prototype [-Wstrict-prototypes]
 char (*f) () = memmove;
 ^~~~
conftest.c:63:1: warning: function declaration isn't a prototype [-Wstrict-prototypes]
 main ()
 ^~~~
configure:20033: $? = 0
configure:20037: test -z 
			 || test ! -s conftest.err
configure:20040: $? = 0
configure:20043: test -s conftest
configure:20046: $? = 0
configure:20058: result: yes
configure:19970: checking for bcopy
configure:20027: ccache arm-linux-uclibc-gcc -o conftest -Os -pipe -mcpu=cortex-a9 -mtune=cortex-a9  -msoft-float -mfloat-abi=soft -fno-caller-saves -fno-plt -Wall -Wmissing-prototypes -Wstrict-prototypes -fexceptions   conftest.c  >&5
conftest.c:50:1: warning: function declaration isn't a prototype [-Wstrict-prototypes]
 char bcopy ();
 ^~~~
conftest.c:50:6: warning: conflicting types for built-in function 'bcopy' [-Wbuiltin-declaration-mismatch]
 char bcopy ();
      ^~~~~
conftest.c:57:1: warning: function declaration isn't a prototype [-Wstrict-prototypes]
 char (*f) () = bcopy;
 ^~~~
conftest.c:64:1: warning: function declaration isn't a prototype [-Wstrict-prototypes]
 main ()
 ^~~~
configure:20033: $? = 0
configure:20037: test -z 
			 || test ! -s conftest.err
configure:20040: $? = 0
configure:20043: test -s conftest
configure:20046: $? = 0
configure:20058: result: yes
configure:20084: checking fcntl.h usability
configure:20096: ccache arm-linux-uclibc-gcc -c -Os -pipe -mcpu=cortex-a9 -mtune=cortex-a9  -msoft-float -mfloat-abi=soft -fno-caller-saves -fno-plt -Wall -Wmissing-prototypes -Wstrict-prototypes -fexceptions  conftest.c >&5
configure:20102: $? = 0
configure:20106: test -z 
			 || test ! -s conftest.err
configure:20109: $? = 0
configure:20112: test -s conftest.o
configure:20115: $? = 0
configure:20125: result: yes
configure:20129: checking fcntl.h presence
configure:20139: ccache arm-linux-uclibc-gcc -E  conftest.c
configure:20145: $? = 0
configure:20165: result: yes
configure:20200: checking for fcntl.h
configure:20207: result: yes
configure:20075: checking for unistd.h
configure:20080: result: yes
configure:20220: checking for off_t
configure:20244: ccache arm-linux-uclibc-gcc -c -Os -pipe -mcpu=cortex-a9 -mtune=cortex-a9  -msoft-float -mfloat-abi=soft -fno-caller-saves -fno-plt -Wall -Wmissing-prototypes -Wstrict-prototypes -fexceptions  conftest.c >&5
conftest.c:64:1: warning: function declaration isn't a prototype [-Wstrict-prototypes]
 main ()
 ^~~~
configure:20250: $? = 0
configure:20254: test -z 
			 || test ! -s conftest.err
configure:20257: $? = 0
configure:20260: test -s conftest.o
configure:20263: $? = 0
configure:20274: result: yes
configure:20292: checking for stdlib.h
configure:20297: result: yes
configure:20292: checking for unistd.h
configure:20297: result: yes
configure:20441: checking for getpagesize
configure:20498: ccache arm-linux-uclibc-gcc -o conftest -Os -pipe -mcpu=cortex-a9 -mtune=cortex-a9  -msoft-float -mfloat-abi=soft -fno-caller-saves -fno-plt -Wall -Wmissing-prototypes -Wstrict-prototypes -fexceptions   conftest.c  >&5
conftest.c:55:1: warning: function declaration isn't a prototype [-Wstrict-prototypes]
 char getpagesize ();
 ^~~~
conftest.c:62:1: warning: function declaration isn't a prototype [-Wstrict-prototypes]
 char (*f) () = getpagesize;
 ^~~~
conftest.c:69:1: warning: function declaration isn't a prototype [-Wstrict-prototypes]
 main ()
 ^~~~
configure:20504: $? = 0
configure:20508: test -z 
			 || test ! -s conftest.err
configure:20511: $? = 0
configure:20514: test -s conftest
configure:20517: $? = 0
configure:20529: result: yes
configure:20539: checking for working mmap
configure:20703: result: yes 
configure:20731: checking for an ANSI C99-conforming __func__
configure:20752: ccache arm-linux-uclibc-gcc -c -Os -pipe -mcpu=cortex-a9 -mtune=cortex-a9  -msoft-float -mfloat-abi=soft -fno-caller-saves -fno-plt -Wall -Wmissing-prototypes -Wstrict-prototypes -fexceptions  conftest.c >&5
conftest.c:35:1: warning: function declaration isn't a prototype [-Wstrict-prototypes]
 main ()
 ^~~~
conftest.c: In function 'main':
conftest.c:37:13: warning: initialization discards 'const' qualifier from pointer target type [-Wdiscarded-qualifiers]
 char *foo = __func__;
             ^~~~~~~~
conftest.c:37:7: warning: unused variable 'foo' [-Wunused-variable]
 char *foo = __func__;
       ^~~
configure:20758: $? = 0
configure:20762: test -z 
			 || test ! -s conftest.err
configure:20765: $? = 0
configure:20768: test -s conftest.o
configure:20771: $? = 0
configure:20826: result: yes
configure:20957: creating ./config.status

## ---------------------- ##
## Running config.status. ##
## ---------------------- ##

This file was extended by expat config.status 2.0.1, which was
generated by GNU Autoconf 2.59.  Invocation command line was

  CONFIG_FILES    = 
  CONFIG_HEADERS  = 
  CONFIG_LINKS    = 
  CONFIG_COMMANDS = 
  $ ./config.status 

on paldier-MerlinR

config.status:683: creating Makefile
config.status:787: creating expat_config.h
config.status:917: expat_config.h is unchanged

## ---------------- ##
## Cache variables. ##
## ---------------- ##

ac_cv_build=i386-pc-linux-gnu
ac_cv_build_alias=i386-pc-linux-gnu
ac_cv_c_bigendian=no
ac_cv_c_compiler_gnu=yes
ac_cv_c_const=yes
ac_cv_cpp_func=yes
ac_cv_cxx_compiler_gnu=yes
ac_cv_env_CC_set=set
ac_cv_env_CC_value='ccache arm-linux-uclibc-gcc'
ac_cv_env_CFLAGS_set=set
ac_cv_env_CFLAGS_value='-Os -pipe -mcpu=cortex-a9 -mtune=cortex-a9  -msoft-float -mfloat-abi=soft -fno-caller-saves -fno-plt'
ac_cv_env_CPPFLAGS_set=
ac_cv_env_CPPFLAGS_value=
ac_cv_env_CPP_set=
ac_cv_env_CPP_value=
ac_cv_env_CXXCPP_set=
ac_cv_env_CXXCPP_value=
ac_cv_env_CXXFLAGS_set=
ac_cv_env_CXXFLAGS_value=
ac_cv_env_CXX_set=set
ac_cv_env_CXX_value='ccache arm-linux-uclibc-g++'
ac_cv_env_F77_set=
ac_cv_env_F77_value=
ac_cv_env_FFLAGS_set=
ac_cv_env_FFLAGS_value=
ac_cv_env_LDFLAGS_set=
ac_cv_env_LDFLAGS_value=
ac_cv_env_build_alias_set=set
ac_cv_env_build_alias_value=i386-pc-linux-gnu
ac_cv_env_host_alias_set=set
ac_cv_env_host_alias_value=arm-linux
ac_cv_env_target_alias_set=set
ac_cv_env_target_alias_value=arm-linux
ac_cv_exeext=
ac_cv_f77_compiler_gnu=no
ac_cv_func_bcopy=yes
ac_cv_func_getpagesize=yes
ac_cv_func_memmove=yes
ac_cv_func_mmap_fixed_mapped='yes '
ac_cv_func_posix_getgrgid_r=no
ac_cv_func_posix_getpwuid_r=no
ac_cv_header_dlfcn_h=yes
ac_cv_header_fcntl_h=yes
ac_cv_header_inttypes_h=yes
ac_cv_header_memory_h=yes
ac_cv_header_stdc=yes
ac_cv_header_stdint_h=yes
ac_cv_header_stdlib_h=yes
ac_cv_header_string_h=yes
ac_cv_header_strings_h=yes
ac_cv_header_sys_stat_h=yes
ac_cv_header_sys_types_h=yes
ac_cv_header_unistd_h=yes
ac_cv_host=arm-unknown-linux-gnu
ac_cv_host_alias=arm-linux
ac_cv_lib_rt_clock_gettime=no
ac_cv_objext=o
ac_cv_path_install='/usr/bin/install -c'
ac_cv_prog_AR=arm-linux-uclibc-ar
ac_cv_prog_CC='ccache arm-linux-uclibc-gcc'
ac_cv_prog_CPP='ccache arm-linux-uclibc-gcc -E'
ac_cv_prog_CXX='ccache arm-linux-uclibc-g++'
ac_cv_prog_CXXCPP='ccache arm-linux-uclibc-g++ -E'
ac_cv_prog_RANLIB=arm-linux-uclibc-ranlib
ac_cv_prog_STRIP=arm-linux-uclibc-strip
ac_cv_prog_cc_g=yes
ac_cv_prog_cc_stdc=
ac_cv_prog_cxx_g=yes
ac_cv_prog_egrep='grep -E'
ac_cv_prog_f77_g=no
ac_cv_type_off_t=yes
ac_cv_type_size_t=yes
glib_cv_stack_grows='no '
glib_cv_uscore='no '
lt_cv_deplibs_check_method=pass_all
lt_cv_file_magic_cmd='$MAGIC_CMD'
lt_cv_file_magic_test_file=
lt_cv_ld_reload_flag=-r
lt_cv_objdir=.libs
lt_cv_path_LD=arm-linux-uclibc-ld
lt_cv_path_LDCXX=arm-linux-uclibc-ld
lt_cv_path_NM=arm-linux-uclibc-nm
lt_cv_path_SED=/home/paldier/ddwrt/toolchains/toolchain-arm_cortex-a9_gcc-8.2.0_musl_eabi/bin/sed
lt_cv_prog_compiler_c_o=yes
lt_cv_prog_compiler_c_o_CXX=yes
lt_cv_prog_compiler_rtti_exceptions=no
lt_cv_prog_gnu_ld=yes
lt_cv_prog_gnu_ldcxx=yes
lt_cv_sys_global_symbol_pipe='sed -n -e '\''s/^.*[ 	]\([ABCDGIRSTW][ABCDGIRSTW]*\)[ 	][ 	]*\([_A-Za-z][_A-Za-z0-9]*\)$/\1 \2 \2/p'\'''
lt_cv_sys_global_symbol_to_c_name_address='sed -n -e '\''s/^: \([^ ]*\) $/  {\"\1\", (lt_ptr) 0},/p'\'' -e '\''s/^[BCDEGRST] \([^ ]*\) \([^ ]*\)$/  {"\2", (lt_ptr) \&\2},/p'\'''
lt_cv_sys_global_symbol_to_cdecl='sed -n -e '\''s/^. .* \(.*\)$/extern int \1;/p'\'''
lt_cv_sys_max_cmd_len=32768
lt_lt_cv_prog_compiler_c_o='"yes"'
lt_lt_cv_prog_compiler_c_o_CXX='"yes"'
lt_lt_cv_sys_global_symbol_pipe='"sed -n -e '\''s/^.*[ 	]\\([ABCDGIRSTW][ABCDGIRSTW]*\\)[ 	][ 	]*\\([_A-Za-z][_A-Za-z0-9]*\\)\$/\\1 \\2 \\2/p'\''"'
lt_lt_cv_sys_global_symbol_to_c_name_address='"sed -n -e '\''s/^: \\([^ ]*\\) \$/  {\\\"\\1\\\", (lt_ptr) 0},/p'\'' -e '\''s/^[BCDEGRST] \\([^ ]*\\) \\([^ ]*\\)\$/  {\"\\2\", (lt_ptr) \\&\\2},/p'\''"'
lt_lt_cv_sys_global_symbol_to_cdecl='"sed -n -e '\''s/^. .* \\(.*\\)\$/extern int \\1;/p'\''"'

## ----------------- ##
## Output variables. ##
## ----------------- ##

AR='arm-linux-uclibc-ar'
AS='arm-linux-uclibc-as'
CC='ccache arm-linux-uclibc-gcc'
CFLAGS='-Os -pipe -mcpu=cortex-a9 -mtune=cortex-a9  -msoft-float -mfloat-abi=soft -fno-caller-saves -fno-plt -Wall -Wmissing-prototypes -Wstrict-prototypes -fexceptions'
CPP='ccache arm-linux-uclibc-gcc -E'
CPPFLAGS=''
CXX='ccache arm-linux-uclibc-g++'
CXXCPP='ccache arm-linux-uclibc-g++ -E'
CXXFLAGS='-Os -pipe -mcpu=cortex-a9 -mtune=cortex-a9  -msoft-float -mfloat-abi=soft -fno-caller-saves -fno-plt -Wall -fexceptions'
DEFS='-DHAVE_CONFIG_H'
DLLTOOL='dlltool'
ECHO='echo'
ECHO_C=''
ECHO_N='-n'
ECHO_T=''
EGREP='grep -E'
EXEEXT=''
F77=''
FFLAGS=''
FILEMAP='readfilemap'
INSTALL_DATA='${INSTALL} -m 644'
INSTALL_PROGRAM='${INSTALL}'
INSTALL_SCRIPT='${INSTALL}'
LDFLAGS=''
LIBAGE='5'
LIBCURRENT='6'
LIBOBJS=''
LIBREVISION='2'
LIBS=''
LIBTOOL='$(SHELL) $(top_builddir)/libtool'
LN_S='ln -s'
LTLIBOBJS=''
OBJDUMP='objdump'
OBJEXT='o'
PACKAGE_BUGREPORT='expat-bugs@libexpat.org'
PACKAGE_NAME='expat'
PACKAGE_STRING='expat 2.0.1'
PACKAGE_TARNAME='expat'
PACKAGE_VERSION='2.0.1'
PATH_SEPARATOR=':'
RANLIB='arm-linux-uclibc-ranlib'
SHELL='/bin/sh'
STRIP='arm-linux-uclibc-strip'
ac_ct_AR=''
ac_ct_AS=''
ac_ct_CC=''
ac_ct_CXX=''
ac_ct_DLLTOOL=''
ac_ct_F77=''
ac_ct_OBJDUMP=''
ac_ct_RANLIB=''
ac_ct_STRIP=''
bindir='${exec_prefix}/bin'
build='i386-pc-linux-gnu'
build_alias='i386-pc-linux-gnu'
build_cpu='i386'
build_os='linux-gnu'
build_vendor='pc'
datadir='${prefix}/share'
exec_prefix='${prefix}'
host='arm-unknown-linux-gnu'
host_alias='arm-linux'
host_cpu='arm'
host_os='linux-gnu'
host_vendor='unknown'
includedir='/home/paldier/ddwrt/src/router/_staging/usr/include'
infodir='${prefix}/info'
libdir='/home/paldier/ddwrt/src/router/_staging/usr/lib'
libexecdir='${exec_prefix}/libexec'
localstatedir='${prefix}/var'
mandir='${prefix}/man'
oldincludedir='/usr/include'
prefix='/home/paldier/ddwrt/src/router/_staging/usr/'
program_transform_name='s,x,x,'
sbindir='${exec_prefix}/sbin'
sharedstatedir='${prefix}/com'
sysconfdir='${prefix}/etc'
target_alias='arm-linux'

## ----------- ##
## confdefs.h. ##
## ----------- ##

#define BYTEORDER 1234
#define HAVE_BCOPY 1
#define HAVE_DLFCN_H 1
#define HAVE_FCNTL_H 1
#define HAVE_GETPAGESIZE 1
#define HAVE_INTTYPES_H 1
#define HAVE_MEMMOVE 1
#define HAVE_MEMORY_H 1
#define HAVE_MMAP 1
#define HAVE_STDINT_H 1
#define HAVE_STDLIB_H 1
#define HAVE_STDLIB_H 1
#define HAVE_STRINGS_H 1
#define HAVE_STRING_H 1
#define HAVE_SYS_STAT_H 1
#define HAVE_SYS_TYPES_H 1
#define HAVE_UNISTD_H 1
#define HAVE_UNISTD_H 1
#define HAVE_UNISTD_H 1
#define PACKAGE_BUGREPORT "expat-bugs@libexpat.org"
#define PACKAGE_NAME "expat"
#define PACKAGE_STRING "expat 2.0.1"
#define PACKAGE_TARNAME "expat"
#define PACKAGE_VERSION "2.0.1"
#define STDC_HEADERS 1
#define STDC_HEADERS 1
#define XML_CONTEXT_BYTES 1024
#define XML_DTD 1
#define XML_NS 1
#endif
#ifdef __cplusplus
extern "C" void std::exit (int) throw (); using std::exit;

configure: exit 0
